2017-04-16 00:30:48,338 [main] INFO  marytts.main Mary starting up...
2017-04-16 00:30:48,353 [main] INFO  marytts.main Specification version 5.2
2017-04-16 00:30:48,353 [main] INFO  marytts.main Implementation version unknown
2017-04-16 00:30:48,353 [main] INFO  marytts.main Running on a Java 1.8.0_20 implementation by Oracle Corporation, on a Mac OS X platform (x86_64, 10.12.4)
2017-04-16 00:30:48,758 [main] INFO  marytts.ModuleRegistry Now initiating mary module 'marytts.language.en.JTokeniser'
2017-04-16 00:30:48,781 [main] INFO  marytts.ModuleRegistry Now initiating mary module 'marytts.language.en.Preprocess'
2017-04-16 00:30:49,205 [main] INFO  marytts.ModuleRegistry Now initiating mary module 'marytts.modules.JPhonemiser(en_US.)'
2017-04-16 00:30:49,208 [main] INFO  marytts.JPhonemiser User dictionary './user-dictionaries/userdict-en_US.txt' for locale 'en_US' does not exist. Ignoring.
2017-04-16 00:30:49,343 [main] INFO  marytts.ModuleRegistry Now initiating mary module 'marytts.modules.JPhonemiser(en_GB.)'
2017-04-16 00:30:49,343 [main] INFO  marytts.JPhonemiser User dictionary './user-dictionaries/userdict-en_GB.txt' for locale 'en_GB' does not exist. Ignoring.
2017-04-16 00:30:49,419 [main] INFO  marytts.ModuleRegistry Now initiating mary module 'marytts.language.en.Prosody'
2017-04-16 00:30:49,426 [main] INFO  marytts.ModuleRegistry Now initiating mary module 'marytts.modules.SimplePhoneme2AP(en_US)'
2017-04-16 00:30:49,427 [main] INFO  marytts.ModuleRegistry Now initiating mary module 'marytts.language.en.PronunciationModel'
2017-04-16 00:30:49,432 [main] INFO  marytts.ModuleRegistry Now initiating mary module 'marytts.modules.OpenNLPPosTagger(en,en.pos)'
2017-04-16 00:30:49,434 [main] INFO  marytts.ModuleRegistry Now initiating mary module 'marytts.language.ru.Tokenizer'
2017-04-16 00:30:49,436 [main] INFO  marytts.ModuleRegistry Now initiating mary module 'marytts.modules.DummyTokens2Words'
2017-04-16 00:30:49,437 [main] INFO  marytts.ModuleRegistry Now initiating mary module 'marytts.modules.JPhonemiser(ru.)'
2017-04-16 00:30:49,438 [main] INFO  marytts.JPhonemiser User dictionary './user-dictionaries/userdict-ru.txt' for locale 'ru' does not exist. Ignoring.
2017-04-16 00:30:49,451 [main] INFO  marytts.ModuleRegistry Now initiating mary module 'marytts.modules.ProsodyGeneric'
2017-04-16 00:30:49,451 [main] INFO  marytts.ModuleRegistry Now initiating mary module 'marytts.modules.MinimalisticPosTagger(ru,ru)'
2017-04-16 00:30:49,466 [main] INFO  marytts.ModuleRegistry Now initiating mary module 'marytts.modules.Synthesis'
2017-04-16 00:30:49,469 [main] INFO  marytts.ModuleRegistry Now initiating mary module 'marytts.modules.TextToMaryXML'
2017-04-16 00:30:49,471 [main] INFO  marytts.ModuleRegistry Now initiating mary module 'marytts.modules.SableParser'
2017-04-16 00:30:49,474 [main] INFO  marytts.ModuleRegistry Now initiating mary module 'marytts.modules.SSMLParser'
2017-04-16 00:30:49,476 [main] INFO  marytts.ModuleRegistry Now initiating mary module 'marytts.modules.APMLParser'
2017-04-16 00:30:49,479 [main] INFO  marytts.ModuleRegistry Now initiating mary module 'marytts.modules.EmotionmlParser'
2017-04-16 00:30:49,494 [main] INFO  marytts.ModuleRegistry Now initiating mary module 'marytts.modules.JTokeniser'
2017-04-16 00:30:49,494 [main] INFO  marytts.ModuleRegistry Now initiating mary module 'marytts.modules.DummyTokens2Words'
2017-04-16 00:30:49,494 [main] INFO  marytts.ModuleRegistry Now initiating mary module 'marytts.modules.ProsodyGeneric'
2017-04-16 00:30:49,497 [main] INFO  marytts.ModuleRegistry Now initiating mary module 'marytts.modules.PronunciationModel'
2017-04-16 00:30:49,498 [main] INFO  marytts.ModuleRegistry Now initiating mary module 'marytts.modules.TargetFeatureLister'
2017-04-16 00:30:49,500 [main] INFO  marytts.ModuleRegistry Now initiating mary module 'marytts.modules.HalfPhoneTargetFeatureLister'
2017-04-16 00:30:49,501 [main] INFO  marytts.ModuleRegistry Now initiating mary module 'marytts.modules.AcousticModeller'
2017-04-16 00:30:49,504 [main] INFO  marytts.ModuleRegistry Now initiating mary module 'marytts.modules.RealisedAcoustparamsExtractor'
2017-04-16 00:30:49,505 [main] INFO  marytts.ModuleRegistry Now initiating mary module 'marytts.modules.RealisedDurationsExtractor'
2017-04-16 00:30:49,507 [main] INFO  marytts.ModuleRegistry Now initiating mary module 'marytts.modules.HTSEngine'
2017-04-16 00:30:49,510 [main] INFO  marytts.ModuleRegistry Now initiating mary module 'marytts.modules.PraatTextGridGenerator'
2017-04-16 00:30:49,523 [main] INFO  marytts.JTokeniser Module started (RAWMARYXML->TOKENS, locale en).
2017-04-16 00:30:49,620 [main] INFO  marytts.JTokeniser Starting power-on self test.
2017-04-16 00:30:49,625 [main] INFO  marytts.JTokeniser Power-on self test complete.
2017-04-16 00:30:49,625 [main] INFO  marytts.Preprocess Module started (TOKENS->WORDS, locale en).
2017-04-16 00:30:49,625 [main] INFO  marytts.Preprocess Starting power-on self test.
2017-04-16 00:30:49,625 [main] INFO  marytts.Preprocess Power-on self test complete.
2017-04-16 00:30:49,625 [main] INFO  marytts.JPhonemiser Module started (PARTSOFSPEECH->PHONEMES, locale en_US).
2017-04-16 00:30:49,627 [main] INFO  marytts.JPhonemiser Starting power-on self test.
2017-04-16 00:30:49,627 [main] INFO  marytts.JPhonemiser Power-on self test complete.
2017-04-16 00:30:49,627 [main] INFO  marytts.JPhonemiser Module started (PARTSOFSPEECH->PHONEMES, locale en_GB).
2017-04-16 00:30:49,627 [main] INFO  marytts.JPhonemiser Starting power-on self test.
2017-04-16 00:30:49,628 [main] INFO  marytts.JPhonemiser Power-on self test complete.
2017-04-16 00:30:49,657 [main] INFO  marytts.Prosody Module started (PHONEMES->INTONATION, locale en).
2017-04-16 00:30:49,657 [main] INFO  marytts.Prosody Starting power-on self test.
2017-04-16 00:30:49,657 [main] INFO  marytts.Prosody Power-on self test complete.
2017-04-16 00:30:49,658 [main] INFO  marytts.SimplePhoneme2AP Module started (SIMPLEPHONEMES->ACOUSTPARAMS, locale en_US).
2017-04-16 00:30:49,658 [main] INFO  marytts.SimplePhoneme2AP Starting power-on self test.
2017-04-16 00:30:49,669 [main] INFO  marytts.SimplePhoneme2AP Power-on self test complete.
2017-04-16 00:30:49,669 [main] INFO  marytts.PronunciationModel Module started (INTONATION->ALLOPHONES, locale en).
2017-04-16 00:30:49,670 [main] INFO  marytts.PronunciationModel Starting power-on self test.
2017-04-16 00:30:49,670 [main] INFO  marytts.PronunciationModel Power-on self test complete.
2017-04-16 00:30:49,670 [main] INFO  marytts.OpenNLPPosTagger Module started (WORDS->PARTSOFSPEECH, locale en).
2017-04-16 00:30:51,293 [main] INFO  marytts.OpenNLPPosTagger Starting power-on self test.
2017-04-16 00:30:51,293 [main] INFO  marytts.OpenNLPPosTagger Power-on self test complete.
2017-04-16 00:30:51,293 [main] INFO  marytts.JTokeniser Module started (RAWMARYXML->TOKENS, locale ru).
2017-04-16 00:30:51,323 [main] INFO  marytts.JTokeniser Starting power-on self test.
2017-04-16 00:30:51,349 [main] INFO  marytts.JTokeniser Power-on self test complete.
2017-04-16 00:30:51,349 [main] INFO  marytts.DummyTokens2Words Module started (TOKENS->WORDS, locale null).
2017-04-16 00:30:51,349 [main] INFO  marytts.DummyTokens2Words Starting power-on self test.
2017-04-16 00:30:51,350 [main] INFO  marytts.DummyTokens2Words Power-on self test complete.
2017-04-16 00:30:51,350 [main] INFO  marytts.JPhonemiser Module started (PARTSOFSPEECH->PHONEMES, locale ru).
2017-04-16 00:30:51,350 [main] INFO  marytts.JPhonemiser Starting power-on self test.
2017-04-16 00:30:51,351 [main] INFO  marytts.JPhonemiser Power-on self test complete.
2017-04-16 00:30:51,356 [main] INFO  marytts.Prosody Module started (PHONEMES->INTONATION, locale null).
2017-04-16 00:30:51,356 [main] INFO  marytts.Prosody Starting power-on self test.
2017-04-16 00:30:51,356 [main] INFO  marytts.Prosody Power-on self test complete.
2017-04-16 00:30:51,356 [main] INFO  marytts.OpenNLPPosTagger Module started (WORDS->PARTSOFSPEECH, locale ru).
2017-04-16 00:30:51,361 [main] INFO  marytts.OpenNLPPosTagger Starting power-on self test.
2017-04-16 00:30:51,362 [main] INFO  marytts.OpenNLPPosTagger Power-on self test complete.
2017-04-16 00:30:51,368 [main] INFO  marytts.UnitSelectionSynthesizer started.
2017-04-16 00:30:51,372 [main] INFO  marytts.TargetFeatureLister Module started (ACOUSTPARAMS->TARGETFEATURES, locale null).
2017-04-16 00:30:51,372 [main] INFO  marytts.HTSEngine Module started (TARGETFEATURES->AUDIO, locale null).
2017-04-16 00:30:51,421 [main] INFO  marytts.HMMData Loading Tree Set in CARTs:
2017-04-16 00:30:51,592 [main] INFO  marytts.HMMData Loading GV Model Set:
2017-04-16 00:30:51,954 [main] INFO  marytts.Voice Registering voice `cmu-slt-hsmm': female, locale en_US
2017-04-16 00:30:51,954 [main] INFO  marytts.Voice New default voice for locale en_US: cmu-slt-hsmm (desire 0)
2017-04-16 00:30:51,954 [main] INFO  marytts.HMMSynthesizer started.
2017-04-16 00:30:51,954 [main] INFO  marytts.Synthesis Module started (ACOUSTPARAMS->AUDIO, locale null).
2017-04-16 00:30:51,955 [main] INFO  marytts.HMMSynthesizer Starting power-on self test.
2017-04-16 00:30:52,062 [main] INFO  marytts.HTSEngine Using prosody from acoustparams.
2017-04-16 00:30:52,065 [main] INFO  marytts.HTSEngine Number of models in sentence numModel=7  Total number of states numState=35
2017-04-16 00:30:52,066 [main] INFO  marytts.HTSEngine Total number of frames=147  Number of voiced frames=89
2017-04-16 00:30:52,080 [main] INFO  marytts.ParameterGeneration Parameter generation for MGC: 
2017-04-16 00:30:52,080 [main] INFO  marytts.PStream Context-dependent global variance optimization: gvLength = 107
2017-04-16 00:30:52,088 [main] INFO  marytts.PStream Gradient GV optimization for feature: (0)  number of iterations=23
2017-04-16 00:30:52,107 [main] INFO  marytts.PStream Gradient GV optimization for feature: (1)  number of iterations=54
2017-04-16 00:30:52,115 [main] INFO  marytts.PStream Gradient GV optimization for feature: (2)  number of iterations=38
2017-04-16 00:30:52,117 [main] INFO  marytts.PStream Gradient GV optimization for feature: (3)  number of iterations=20
2017-04-16 00:30:52,120 [main] INFO  marytts.PStream Gradient GV optimization for feature: (4)  number of iterations=13
2017-04-16 00:30:52,123 [main] INFO  marytts.PStream Gradient GV optimization for feature: (5)  number of iterations=21
2017-04-16 00:30:52,125 [main] INFO  marytts.PStream Gradient GV optimization for feature: (6)  number of iterations=7
2017-04-16 00:30:52,127 [main] INFO  marytts.PStream Gradient GV optimization for feature: (7)  number of iterations=4
2017-04-16 00:30:52,130 [main] INFO  marytts.PStream Gradient GV optimization for feature: (8)  number of iterations=11
2017-04-16 00:30:52,131 [main] INFO  marytts.PStream Gradient GV optimization for feature: (9)  number of iterations=19
2017-04-16 00:30:52,133 [main] INFO  marytts.PStream Gradient GV optimization for feature: (10)  number of iterations=16
2017-04-16 00:30:52,134 [main] INFO  marytts.PStream Gradient GV optimization for feature: (11)  number of iterations=9
2017-04-16 00:30:52,135 [main] INFO  marytts.PStream Gradient GV optimization for feature: (12)  number of iterations=2
2017-04-16 00:30:52,136 [main] INFO  marytts.PStream Gradient GV optimization for feature: (13)  number of iterations=13
2017-04-16 00:30:52,137 [main] INFO  marytts.PStream Gradient GV optimization for feature: (14)  number of iterations=12
2017-04-16 00:30:52,140 [main] INFO  marytts.PStream Gradient GV optimization for feature: (15)  number of iterations=14
2017-04-16 00:30:52,141 [main] INFO  marytts.PStream Gradient GV optimization for feature: (16)  number of iterations=15
2017-04-16 00:30:52,142 [main] INFO  marytts.PStream Gradient GV optimization for feature: (17)  number of iterations=14
2017-04-16 00:30:52,144 [main] INFO  marytts.PStream Gradient GV optimization for feature: (18)  number of iterations=19
2017-04-16 00:30:52,145 [main] INFO  marytts.PStream Gradient GV optimization for feature: (19)  number of iterations=12
2017-04-16 00:30:52,148 [main] INFO  marytts.PStream Gradient GV optimization for feature: (20)  number of iterations=17
2017-04-16 00:30:52,152 [main] INFO  marytts.PStream Gradient GV optimization for feature: (21)  number of iterations=23
2017-04-16 00:30:52,153 [main] INFO  marytts.PStream Gradient GV optimization for feature: (22)  number of iterations=12
2017-04-16 00:30:52,157 [main] INFO  marytts.PStream Gradient GV optimization for feature: (23)  number of iterations=18
2017-04-16 00:30:52,158 [main] INFO  marytts.PStream Gradient GV optimization for feature: (24)  number of iterations=12
2017-04-16 00:30:52,159 [main] INFO  marytts.PStream Gradient GV optimization for feature: (25)  number of iterations=11
2017-04-16 00:30:52,161 [main] INFO  marytts.PStream Gradient GV optimization for feature: (26)  number of iterations=13
2017-04-16 00:30:52,161 [main] INFO  marytts.PStream Gradient GV optimization for feature: (27)  number of iterations=9
2017-04-16 00:30:52,162 [main] INFO  marytts.PStream Gradient GV optimization for feature: (28)  number of iterations=13
2017-04-16 00:30:52,163 [main] INFO  marytts.PStream Gradient GV optimization for feature: (29)  number of iterations=8
2017-04-16 00:30:52,164 [main] INFO  marytts.PStream Gradient GV optimization for feature: (30)  number of iterations=11
2017-04-16 00:30:52,173 [main] INFO  marytts.PStream Gradient GV optimization for feature: (31)  number of iterations=12
2017-04-16 00:30:52,174 [main] INFO  marytts.PStream Gradient GV optimization for feature: (32)  number of iterations=7
2017-04-16 00:30:52,175 [main] INFO  marytts.PStream Gradient GV optimization for feature: (33)  number of iterations=8
2017-04-16 00:30:52,175 [main] INFO  marytts.PStream Gradient GV optimization for feature: (34)  number of iterations=12
2017-04-16 00:30:52,175 [main] INFO  marytts.ParameterGeneration Using f0 from maryXML acoustparams
2017-04-16 00:30:52,176 [main] INFO  marytts.PStream Context-dependent global variance optimization: gvLength = 107
2017-04-16 00:30:52,177 [main] INFO  marytts.PStream Gradient GV optimization for feature: (0)  number of iterations=16
2017-04-16 00:30:52,178 [main] INFO  marytts.PStream Gradient GV optimization for feature: (1)  number of iterations=2
2017-04-16 00:30:52,179 [main] INFO  marytts.PStream Gradient GV optimization for feature: (2)  number of iterations=2
2017-04-16 00:30:52,179 [main] INFO  marytts.PStream Gradient GV optimization for feature: (3)  number of iterations=8
2017-04-16 00:30:52,180 [main] INFO  marytts.PStream Gradient GV optimization for feature: (4)  number of iterations=26
2017-04-16 00:30:52,197 [main] INFO  marytts.HMMSynthesizer Power-on self test complete.
2017-04-16 00:30:52,198 [main] INFO  marytts.TextToMaryXML Module started (TEXT->RAWMARYXML, locale null).
2017-04-16 00:30:52,198 [main] INFO  marytts.TextToMaryXML Starting power-on self test.
2017-04-16 00:30:52,199 [main] WARN  marytts.TextToMaryXML Locale is null, overriding with ru_RU
2017-04-16 00:30:52,200 [main] WARN  marytts.TextToMaryXML Locale is null, overriding with ru_RU
2017-04-16 00:30:52,200 [main] INFO  marytts.TextToMaryXML Power-on self test complete.
2017-04-16 00:30:52,668 [main] INFO  marytts.SableParser Module started (SABLE->RAWMARYXML, locale null).
2017-04-16 00:30:52,668 [main] INFO  marytts.SableParser Starting power-on self test.
2017-04-16 00:30:52,668 [main] INFO  marytts.SableParser Power-on self test complete.
2017-04-16 00:30:52,788 [main] INFO  marytts.SSMLParser Module started (SSML->RAWMARYXML, locale null).
2017-04-16 00:30:52,788 [main] INFO  marytts.SSMLParser Starting power-on self test.
2017-04-16 00:30:52,788 [main] INFO  marytts.SSMLParser Power-on self test complete.
2017-04-16 00:30:52,905 [main] INFO  marytts.APMLParser Module started (APML->RAWMARYXML, locale null).
2017-04-16 00:30:52,905 [main] INFO  marytts.APMLParser Starting power-on self test.
2017-04-16 00:30:52,909 [main] INFO  marytts.APMLParser Power-on self test complete.
2017-04-16 00:30:52,975 [main] INFO  marytts.EmotionmlParser Module started (EMOTIONML->RAWMARYXML, locale null).
2017-04-16 00:30:52,975 [main] INFO  marytts.EmotionmlParser Starting power-on self test.
2017-04-16 00:30:52,975 [main] INFO  marytts.EmotionmlParser Power-on self test complete.
2017-04-16 00:30:52,975 [main] INFO  marytts.JTokeniser Module started (RAWMARYXML->TOKENS, locale null).
2017-04-16 00:30:53,018 [main] INFO  marytts.JTokeniser Starting power-on self test.
2017-04-16 00:30:53,018 [main] INFO  marytts.JTokeniser Power-on self test complete.
2017-04-16 00:30:53,018 [main] INFO  marytts.DummyTokens2Words Module started (TOKENS->WORDS, locale null).
2017-04-16 00:30:53,018 [main] INFO  marytts.DummyTokens2Words Starting power-on self test.
2017-04-16 00:30:53,018 [main] INFO  marytts.DummyTokens2Words Power-on self test complete.
2017-04-16 00:30:53,025 [main] INFO  marytts.Prosody Module started (PHONEMES->INTONATION, locale null).
2017-04-16 00:30:53,025 [main] INFO  marytts.Prosody Starting power-on self test.
2017-04-16 00:30:53,026 [main] INFO  marytts.Prosody Power-on self test complete.
2017-04-16 00:30:53,026 [main] INFO  marytts.PronunciationModel Module started (INTONATION->ALLOPHONES, locale null).
2017-04-16 00:30:53,026 [main] INFO  marytts.PronunciationModel Starting power-on self test.
2017-04-16 00:30:53,026 [main] INFO  marytts.PronunciationModel Power-on self test complete.
2017-04-16 00:30:53,026 [main] INFO  marytts.TargetFeatureLister Starting power-on self test.
2017-04-16 00:30:53,026 [main] INFO  marytts.TargetFeatureLister Power-on self test complete.
2017-04-16 00:30:53,026 [main] INFO  marytts.TargetFeatureLister Module started (ACOUSTPARAMS->HALFPHONE_TARGETFEATURES, locale null).
2017-04-16 00:30:53,026 [main] INFO  marytts.TargetFeatureLister Starting power-on self test.
2017-04-16 00:30:53,026 [main] INFO  marytts.TargetFeatureLister Power-on self test complete.
2017-04-16 00:30:53,027 [main] INFO  marytts.AcousticModeller Module started (ALLOPHONES->ACOUSTPARAMS, locale null).
2017-04-16 00:30:53,027 [main] INFO  marytts.AcousticModeller Starting power-on self test.
2017-04-16 00:30:53,027 [main] INFO  marytts.AcousticModeller Power-on self test complete.
2017-04-16 00:30:53,027 [main] INFO  marytts.Realised acoustparams extractor Module started (AUDIO->REALISED_ACOUSTPARAMS, locale null).
2017-04-16 00:30:53,027 [main] INFO  marytts.Realised acoustparams extractor Starting power-on self test.
2017-04-16 00:30:53,027 [main] INFO  marytts.Realised acoustparams extractor Power-on self test complete.
2017-04-16 00:30:53,027 [main] INFO  marytts.Realised durations extractor Module started (AUDIO->REALISED_DURATIONS, locale null).
2017-04-16 00:30:53,027 [main] INFO  marytts.Realised durations extractor Starting power-on self test.
2017-04-16 00:30:53,027 [main] INFO  marytts.Realised durations extractor Power-on self test complete.
2017-04-16 00:30:53,027 [main] INFO  marytts.Praat TextGrid generator Module started (REALISED_ACOUSTPARAMS->PRAAT_TEXTGRID, locale null).
2017-04-16 00:30:53,027 [main] INFO  marytts.Praat TextGrid generator Starting power-on self test.
2017-04-16 00:30:53,028 [main] INFO  marytts.Praat TextGrid generator Power-on self test complete.
2017-04-16 00:30:53,029 [main] INFO  marytts.main Startup complete.
2017-04-16 00:30:53,035 [main] INFO  marytts.R 1 New request (input type "TEXT", output type "AUDIO", voice "cmu-slt-hsmm", audio "WAVE")
2017-04-16 00:30:53,037 [main] INFO  marytts.R 1 Handling request using the following modules:
2017-04-16 00:30:53,037 [main] INFO  marytts.R 1 - TextToMaryXML (marytts.modules.TextToMaryXML)
2017-04-16 00:30:53,037 [main] INFO  marytts.R 1 Next module: TextToMaryXML
2017-04-16 00:30:53,040 [main] INFO  marytts.R 1 Handling request using the following modules:
2017-04-16 00:30:53,040 [main] INFO  marytts.R 1 - JTokeniser (marytts.language.en.JTokeniser)
2017-04-16 00:30:53,040 [main] INFO  marytts.R 1 - Preprocess (marytts.language.en.Preprocess)
2017-04-16 00:30:53,040 [main] INFO  marytts.R 1 - OpenNLPPosTagger (marytts.modules.OpenNLPPosTagger)
2017-04-16 00:30:53,040 [main] INFO  marytts.R 1 - JPhonemiser (marytts.modules.JPhonemiser)
2017-04-16 00:30:53,041 [main] INFO  marytts.R 1 - Prosody (marytts.language.en.Prosody)
2017-04-16 00:30:53,041 [main] INFO  marytts.R 1 - PronunciationModel (marytts.language.en.PronunciationModel)
2017-04-16 00:30:53,041 [main] INFO  marytts.R 1 - AcousticModeller (marytts.modules.AcousticModeller)
2017-04-16 00:30:53,041 [main] INFO  marytts.R 1 - Synthesis (marytts.modules.Synthesis)
2017-04-16 00:30:53,041 [main] INFO  marytts.R 1 Next module: JTokeniser
2017-04-16 00:30:53,042 [main] INFO  marytts.R 1 Next module: Preprocess
2017-04-16 00:30:53,044 [main] INFO  marytts.R 1 Next module: OpenNLPPosTagger
2017-04-16 00:30:53,050 [main] INFO  marytts.R 1 Next module: JPhonemiser
2017-04-16 00:30:53,052 [main] INFO  marytts.R 1 Next module: Prosody
2017-04-16 00:30:53,055 [main] INFO  marytts.R 1 Next module: PronunciationModel
2017-04-16 00:30:53,056 [main] INFO  marytts.R 1 Next module: AcousticModeller
2017-04-16 00:30:53,067 [main] INFO  marytts.ParameterGeneration Parameter generation for LF0: 
2017-04-16 00:30:53,067 [main] INFO  marytts.PStream Context-dependent global variance optimization: gvLength = 141
2017-04-16 00:30:53,068 [main] INFO  marytts.PStream Gradient GV optimization for feature: (0)  number of iterations=3
2017-04-16 00:30:53,071 [main] INFO  marytts.R 1 Next module: Synthesis
2017-04-16 00:30:53,119 [main] INFO  marytts.HMMSynthesizer Synthesizing one sentence.
2017-04-16 00:30:53,120 [main] INFO  marytts.HTSEngine Using prosody from acoustparams.
2017-04-16 00:30:53,121 [main] INFO  marytts.HTSEngine Number of models in sentence numModel=9  Total number of states numState=45
2017-04-16 00:30:53,121 [main] INFO  marytts.HTSEngine Total number of frames=243  Number of voiced frames=141
2017-04-16 00:30:53,123 [main] INFO  marytts.ParameterGeneration Parameter generation for MGC: 
2017-04-16 00:30:53,123 [main] INFO  marytts.PStream Context-dependent global variance optimization: gvLength = 162
2017-04-16 00:30:53,127 [main] INFO  marytts.PStream Gradient GV optimization for feature: (0)  number of iterations=57
2017-04-16 00:30:53,130 [main] INFO  marytts.PStream Gradient GV optimization for feature: (1)  number of iterations=46
2017-04-16 00:30:53,132 [main] INFO  marytts.PStream Gradient GV optimization for feature: (2)  number of iterations=10
2017-04-16 00:30:53,132 [main] INFO  marytts.PStream Gradient GV optimization for feature: (3)  number of iterations=2
2017-04-16 00:30:53,134 [main] INFO  marytts.PStream Gradient GV optimization for feature: (4)  number of iterations=1
2017-04-16 00:30:53,136 [main] INFO  marytts.PStream Gradient GV optimization for feature: (5)  number of iterations=34
2017-04-16 00:30:53,137 [main] INFO  marytts.PStream Gradient GV optimization for feature: (6)  number of iterations=16
2017-04-16 00:30:53,137 [main] INFO  marytts.PStream Gradient GV optimization for feature: (7)  number of iterations=14
2017-04-16 00:30:53,138 [main] INFO  marytts.PStream Gradient GV optimization for feature: (8)  number of iterations=3
2017-04-16 00:30:53,140 [main] INFO  marytts.PStream Gradient GV optimization for feature: (9)  number of iterations=20
2017-04-16 00:30:53,142 [main] INFO  marytts.PStream Gradient GV optimization for feature: (10)  number of iterations=12
2017-04-16 00:30:53,145 [main] INFO  marytts.PStream Gradient GV optimization for feature: (11)  number of iterations=18
2017-04-16 00:30:53,146 [main] INFO  marytts.PStream Gradient GV optimization for feature: (12)  number of iterations=4
2017-04-16 00:30:53,147 [main] INFO  marytts.PStream Gradient GV optimization for feature: (13)  number of iterations=4
2017-04-16 00:30:53,148 [main] INFO  marytts.PStream Gradient GV optimization for feature: (14)  number of iterations=9
2017-04-16 00:30:53,151 [main] INFO  marytts.PStream Gradient GV optimization for feature: (15)  number of iterations=18
2017-04-16 00:30:53,153 [main] INFO  marytts.PStream Gradient GV optimization for feature: (16)  number of iterations=18
2017-04-16 00:30:53,154 [main] INFO  marytts.PStream Gradient GV optimization for feature: (17)  number of iterations=12
2017-04-16 00:30:53,157 [main] INFO  marytts.PStream Gradient GV optimization for feature: (18)  number of iterations=49
2017-04-16 00:30:53,158 [main] INFO  marytts.PStream Gradient GV optimization for feature: (19)  number of iterations=17
2017-04-16 00:30:53,159 [main] INFO  marytts.PStream Gradient GV optimization for feature: (20)  number of iterations=16
2017-04-16 00:30:53,161 [main] INFO  marytts.PStream Gradient GV optimization for feature: (21)  number of iterations=16
2017-04-16 00:30:53,162 [main] INFO  marytts.PStream Gradient GV optimization for feature: (22)  number of iterations=8
2017-04-16 00:30:53,164 [main] INFO  marytts.PStream Gradient GV optimization for feature: (23)  number of iterations=19
2017-04-16 00:30:53,165 [main] INFO  marytts.PStream Gradient GV optimization for feature: (24)  number of iterations=8
2017-04-16 00:30:53,167 [main] INFO  marytts.PStream Gradient GV optimization for feature: (25)  number of iterations=26
2017-04-16 00:30:53,171 [main] INFO  marytts.PStream Gradient GV optimization for feature: (26)  number of iterations=51
2017-04-16 00:30:53,173 [main] INFO  marytts.PStream Gradient GV optimization for feature: (27)  number of iterations=14
2017-04-16 00:30:53,176 [main] INFO  marytts.PStream Gradient GV optimization for feature: (28)  number of iterations=33
2017-04-16 00:30:53,177 [main] INFO  marytts.PStream Gradient GV optimization for feature: (29)  number of iterations=19
2017-04-16 00:30:53,179 [main] INFO  marytts.PStream Gradient GV optimization for feature: (30)  number of iterations=13
2017-04-16 00:30:53,181 [main] INFO  marytts.PStream Gradient GV optimization for feature: (31)  number of iterations=14
2017-04-16 00:30:53,183 [main] INFO  marytts.PStream Gradient GV optimization for feature: (32)  number of iterations=15
2017-04-16 00:30:53,184 [main] INFO  marytts.PStream Gradient GV optimization for feature: (33)  number of iterations=13
2017-04-16 00:30:53,189 [main] INFO  marytts.PStream Gradient GV optimization for feature: (34)  number of iterations=51
2017-04-16 00:30:53,189 [main] INFO  marytts.ParameterGeneration Using f0 from maryXML acoustparams
2017-04-16 00:30:53,190 [main] INFO  marytts.PStream Context-dependent global variance optimization: gvLength = 162
2017-04-16 00:30:53,195 [main] INFO  marytts.PStream    optimization stopped by reaching max number of iterations (no global variance applied)
2017-04-16 00:30:53,195 [main] INFO  marytts.PStream Gradient GV optimization for feature: (0)  number of iterations=101
2017-04-16 00:30:53,196 [main] INFO  marytts.PStream Gradient GV optimization for feature: (1)  number of iterations=12
2017-04-16 00:30:53,198 [main] INFO  marytts.PStream Gradient GV optimization for feature: (2)  number of iterations=8
2017-04-16 00:30:53,199 [main] INFO  marytts.PStream Gradient GV optimization for feature: (3)  number of iterations=10
2017-04-16 00:30:53,200 [main] INFO  marytts.PStream Gradient GV optimization for feature: (4)  number of iterations=18
2017-04-16 00:30:53,201 [main] INFO  marytts.R 1 Request processed in 164 ms.
2017-04-16 00:30:53,201 [main] INFO  marytts.R 1    TextToMaryXML took 1 ms
2017-04-16 00:30:53,201 [main] INFO  marytts.R 1    JTokeniser took 1 ms
2017-04-16 00:30:53,201 [main] INFO  marytts.R 1    Preprocess took 2 ms
2017-04-16 00:30:53,201 [main] INFO  marytts.R 1    OpenNLPPosTagger took 6 ms
2017-04-16 00:30:53,201 [main] INFO  marytts.R 1    JPhonemiser took 2 ms
2017-04-16 00:30:53,201 [main] INFO  marytts.R 1    Prosody took 3 ms
2017-04-16 00:30:53,202 [main] INFO  marytts.R 1    PronunciationModel took 1 ms
2017-04-16 00:30:53,202 [main] INFO  marytts.R 1    AcousticModeller took 15 ms
2017-04-16 00:30:53,202 [main] INFO  marytts.R 1    Synthesis took 130 ms
2017-04-16 00:30:54,805 [Thread-2] INFO  marytts.main Shutting down modules...
2017-04-16 00:30:54,805 [Thread-2] INFO  marytts.JTokeniser Module shut down.
2017-04-16 00:30:54,805 [Thread-2] INFO  marytts.Preprocess Module shut down.
2017-04-16 00:30:54,805 [Thread-2] INFO  marytts.JPhonemiser Module shut down.
2017-04-16 00:30:54,806 [Thread-2] INFO  marytts.JPhonemiser Module shut down.
2017-04-16 00:30:54,806 [Thread-2] INFO  marytts.Prosody Module shut down.
2017-04-16 00:30:54,806 [Thread-2] INFO  marytts.SimplePhoneme2AP Module shut down.
2017-04-16 00:30:54,806 [Thread-2] INFO  marytts.PronunciationModel Module shut down.
2017-04-16 00:30:54,806 [Thread-2] INFO  marytts.OpenNLPPosTagger Module shut down.
2017-04-16 00:30:54,806 [Thread-2] INFO  marytts.JTokeniser Module shut down.
2017-04-16 00:30:54,806 [Thread-2] INFO  marytts.DummyTokens2Words Module shut down.
2017-04-16 00:30:54,806 [Thread-2] INFO  marytts.JPhonemiser Module shut down.
2017-04-16 00:30:54,806 [Thread-2] INFO  marytts.Prosody Module shut down.
2017-04-16 00:30:54,806 [Thread-2] INFO  marytts.OpenNLPPosTagger Module shut down.
2017-04-16 00:30:54,806 [Thread-2] INFO  marytts.Synthesis Module shut down.
2017-04-16 00:30:54,806 [Thread-2] INFO  marytts.TextToMaryXML Module shut down.
2017-04-16 00:30:54,807 [Thread-2] INFO  marytts.SableParser Module shut down.
2017-04-16 00:30:54,807 [Thread-2] INFO  marytts.SSMLParser Module shut down.
2017-04-16 00:30:54,807 [Thread-2] INFO  marytts.APMLParser Module shut down.
2017-04-16 00:30:54,807 [Thread-2] INFO  marytts.EmotionmlParser Module shut down.
2017-04-16 00:30:54,807 [Thread-2] INFO  marytts.JTokeniser Module shut down.
2017-04-16 00:30:54,807 [Thread-2] INFO  marytts.DummyTokens2Words Module shut down.
2017-04-16 00:30:54,807 [Thread-2] INFO  marytts.Prosody Module shut down.
2017-04-16 00:30:54,807 [Thread-2] INFO  marytts.PronunciationModel Module shut down.
2017-04-16 00:30:54,807 [Thread-2] INFO  marytts.TargetFeatureLister Module shut down.
2017-04-16 00:30:54,807 [Thread-2] INFO  marytts.TargetFeatureLister Module shut down.
2017-04-16 00:30:54,807 [Thread-2] INFO  marytts.AcousticModeller Module shut down.
2017-04-16 00:30:54,807 [Thread-2] INFO  marytts.Realised acoustparams extractor Module shut down.
2017-04-16 00:30:54,807 [Thread-2] INFO  marytts.Realised durations extractor Module shut down.
2017-04-16 00:30:54,807 [Thread-2] INFO  marytts.HTSEngine Module shut down.
2017-04-16 00:30:54,807 [Thread-2] INFO  marytts.Praat TextGrid generator Module shut down.
2017-04-16 00:30:54,808 [Thread-2] INFO  marytts.main Shutdown complete.
2017-04-16 00:32:47,230 [main] INFO  marytts.main Mary starting up...
2017-04-16 00:32:47,250 [main] INFO  marytts.main Specification version 5.2
2017-04-16 00:32:47,250 [main] INFO  marytts.main Implementation version unknown
2017-04-16 00:32:47,250 [main] INFO  marytts.main Running on a Java 1.8.0_20 implementation by Oracle Corporation, on a Mac OS X platform (x86_64, 10.12.4)
2017-04-16 00:32:47,620 [main] INFO  marytts.ModuleRegistry Now initiating mary module 'marytts.language.en.JTokeniser'
2017-04-16 00:32:47,634 [main] INFO  marytts.ModuleRegistry Now initiating mary module 'marytts.language.en.Preprocess'
2017-04-16 00:32:48,005 [main] INFO  marytts.ModuleRegistry Now initiating mary module 'marytts.modules.JPhonemiser(en_US.)'
2017-04-16 00:32:48,007 [main] INFO  marytts.JPhonemiser User dictionary './user-dictionaries/userdict-en_US.txt' for locale 'en_US' does not exist. Ignoring.
2017-04-16 00:32:48,117 [main] INFO  marytts.ModuleRegistry Now initiating mary module 'marytts.modules.JPhonemiser(en_GB.)'
2017-04-16 00:32:48,117 [main] INFO  marytts.JPhonemiser User dictionary './user-dictionaries/userdict-en_GB.txt' for locale 'en_GB' does not exist. Ignoring.
2017-04-16 00:32:48,201 [main] INFO  marytts.ModuleRegistry Now initiating mary module 'marytts.language.en.Prosody'
2017-04-16 00:32:48,217 [main] INFO  marytts.ModuleRegistry Now initiating mary module 'marytts.modules.SimplePhoneme2AP(en_US)'
2017-04-16 00:32:48,218 [main] INFO  marytts.ModuleRegistry Now initiating mary module 'marytts.language.en.PronunciationModel'
2017-04-16 00:32:48,221 [main] INFO  marytts.ModuleRegistry Now initiating mary module 'marytts.modules.OpenNLPPosTagger(en,en.pos)'
2017-04-16 00:32:48,223 [main] INFO  marytts.ModuleRegistry Now initiating mary module 'marytts.language.ru.Tokenizer'
2017-04-16 00:32:48,224 [main] INFO  marytts.ModuleRegistry Now initiating mary module 'marytts.modules.DummyTokens2Words'
2017-04-16 00:32:48,225 [main] INFO  marytts.ModuleRegistry Now initiating mary module 'marytts.modules.JPhonemiser(ru.)'
2017-04-16 00:32:48,225 [main] INFO  marytts.JPhonemiser User dictionary './user-dictionaries/userdict-ru.txt' for locale 'ru' does not exist. Ignoring.
2017-04-16 00:32:48,232 [main] INFO  marytts.ModuleRegistry Now initiating mary module 'marytts.modules.ProsodyGeneric'
2017-04-16 00:32:48,232 [main] INFO  marytts.ModuleRegistry Now initiating mary module 'marytts.modules.MinimalisticPosTagger(ru,ru)'
2017-04-16 00:32:48,236 [main] INFO  marytts.ModuleRegistry Now initiating mary module 'marytts.modules.Synthesis'
2017-04-16 00:32:48,243 [main] INFO  marytts.ModuleRegistry Now initiating mary module 'marytts.modules.TextToMaryXML'
2017-04-16 00:32:48,248 [main] INFO  marytts.ModuleRegistry Now initiating mary module 'marytts.modules.SableParser'
2017-04-16 00:32:48,252 [main] INFO  marytts.ModuleRegistry Now initiating mary module 'marytts.modules.SSMLParser'
2017-04-16 00:32:48,254 [main] INFO  marytts.ModuleRegistry Now initiating mary module 'marytts.modules.APMLParser'
2017-04-16 00:32:48,257 [main] INFO  marytts.ModuleRegistry Now initiating mary module 'marytts.modules.EmotionmlParser'
2017-04-16 00:32:48,258 [main] INFO  marytts.ModuleRegistry Now initiating mary module 'marytts.modules.JTokeniser'
2017-04-16 00:32:48,259 [main] INFO  marytts.ModuleRegistry Now initiating mary module 'marytts.modules.DummyTokens2Words'
2017-04-16 00:32:48,259 [main] INFO  marytts.ModuleRegistry Now initiating mary module 'marytts.modules.ProsodyGeneric'
2017-04-16 00:32:48,259 [main] INFO  marytts.ModuleRegistry Now initiating mary module 'marytts.modules.PronunciationModel'
2017-04-16 00:32:48,259 [main] INFO  marytts.ModuleRegistry Now initiating mary module 'marytts.modules.TargetFeatureLister'
2017-04-16 00:32:48,261 [main] INFO  marytts.ModuleRegistry Now initiating mary module 'marytts.modules.HalfPhoneTargetFeatureLister'
2017-04-16 00:32:48,262 [main] INFO  marytts.ModuleRegistry Now initiating mary module 'marytts.modules.AcousticModeller'
2017-04-16 00:32:48,264 [main] INFO  marytts.ModuleRegistry Now initiating mary module 'marytts.modules.RealisedAcoustparamsExtractor'
2017-04-16 00:32:48,265 [main] INFO  marytts.ModuleRegistry Now initiating mary module 'marytts.modules.RealisedDurationsExtractor'
2017-04-16 00:32:48,267 [main] INFO  marytts.ModuleRegistry Now initiating mary module 'marytts.modules.HTSEngine'
2017-04-16 00:32:48,269 [main] INFO  marytts.ModuleRegistry Now initiating mary module 'marytts.modules.PraatTextGridGenerator'
2017-04-16 00:32:48,279 [main] INFO  marytts.JTokeniser Module started (RAWMARYXML->TOKENS, locale en).
2017-04-16 00:32:48,371 [main] INFO  marytts.JTokeniser Starting power-on self test.
2017-04-16 00:32:48,374 [main] INFO  marytts.JTokeniser Power-on self test complete.
2017-04-16 00:32:48,374 [main] INFO  marytts.Preprocess Module started (TOKENS->WORDS, locale en).
2017-04-16 00:32:48,374 [main] INFO  marytts.Preprocess Starting power-on self test.
2017-04-16 00:32:48,375 [main] INFO  marytts.Preprocess Power-on self test complete.
2017-04-16 00:32:48,375 [main] INFO  marytts.JPhonemiser Module started (PARTSOFSPEECH->PHONEMES, locale en_US).
2017-04-16 00:32:48,375 [main] INFO  marytts.JPhonemiser Starting power-on self test.
2017-04-16 00:32:48,376 [main] INFO  marytts.JPhonemiser Power-on self test complete.
2017-04-16 00:32:48,376 [main] INFO  marytts.JPhonemiser Module started (PARTSOFSPEECH->PHONEMES, locale en_GB).
2017-04-16 00:32:48,376 [main] INFO  marytts.JPhonemiser Starting power-on self test.
2017-04-16 00:32:48,377 [main] INFO  marytts.JPhonemiser Power-on self test complete.
2017-04-16 00:32:48,399 [main] INFO  marytts.Prosody Module started (PHONEMES->INTONATION, locale en).
2017-04-16 00:32:48,399 [main] INFO  marytts.Prosody Starting power-on self test.
2017-04-16 00:32:48,399 [main] INFO  marytts.Prosody Power-on self test complete.
2017-04-16 00:32:48,400 [main] INFO  marytts.SimplePhoneme2AP Module started (SIMPLEPHONEMES->ACOUSTPARAMS, locale en_US).
2017-04-16 00:32:48,401 [main] INFO  marytts.SimplePhoneme2AP Starting power-on self test.
2017-04-16 00:32:48,416 [main] INFO  marytts.SimplePhoneme2AP Power-on self test complete.
2017-04-16 00:32:48,416 [main] INFO  marytts.PronunciationModel Module started (INTONATION->ALLOPHONES, locale en).
2017-04-16 00:32:48,416 [main] INFO  marytts.PronunciationModel Starting power-on self test.
2017-04-16 00:32:48,416 [main] INFO  marytts.PronunciationModel Power-on self test complete.
2017-04-16 00:32:48,416 [main] INFO  marytts.OpenNLPPosTagger Module started (WORDS->PARTSOFSPEECH, locale en).
2017-04-16 00:32:50,003 [main] INFO  marytts.OpenNLPPosTagger Starting power-on self test.
2017-04-16 00:32:50,003 [main] INFO  marytts.OpenNLPPosTagger Power-on self test complete.
2017-04-16 00:32:50,003 [main] INFO  marytts.JTokeniser Module started (RAWMARYXML->TOKENS, locale ru).
2017-04-16 00:32:50,031 [main] INFO  marytts.JTokeniser Starting power-on self test.
2017-04-16 00:32:50,045 [main] INFO  marytts.JTokeniser Power-on self test complete.
2017-04-16 00:32:50,045 [main] INFO  marytts.DummyTokens2Words Module started (TOKENS->WORDS, locale null).
2017-04-16 00:32:50,045 [main] INFO  marytts.DummyTokens2Words Starting power-on self test.
2017-04-16 00:32:50,045 [main] INFO  marytts.DummyTokens2Words Power-on self test complete.
2017-04-16 00:32:50,045 [main] INFO  marytts.JPhonemiser Module started (PARTSOFSPEECH->PHONEMES, locale ru).
2017-04-16 00:32:50,046 [main] INFO  marytts.JPhonemiser Starting power-on self test.
2017-04-16 00:32:50,046 [main] INFO  marytts.JPhonemiser Power-on self test complete.
2017-04-16 00:32:50,051 [main] INFO  marytts.Prosody Module started (PHONEMES->INTONATION, locale null).
2017-04-16 00:32:50,051 [main] INFO  marytts.Prosody Starting power-on self test.
2017-04-16 00:32:50,051 [main] INFO  marytts.Prosody Power-on self test complete.
2017-04-16 00:32:50,051 [main] INFO  marytts.OpenNLPPosTagger Module started (WORDS->PARTSOFSPEECH, locale ru).
2017-04-16 00:32:50,055 [main] INFO  marytts.OpenNLPPosTagger Starting power-on self test.
2017-04-16 00:32:50,055 [main] INFO  marytts.OpenNLPPosTagger Power-on self test complete.
2017-04-16 00:32:50,060 [main] INFO  marytts.UnitSelectionSynthesizer started.
2017-04-16 00:32:50,062 [main] INFO  marytts.TargetFeatureLister Module started (ACOUSTPARAMS->TARGETFEATURES, locale null).
2017-04-16 00:32:50,063 [main] INFO  marytts.HTSEngine Module started (TARGETFEATURES->AUDIO, locale null).
2017-04-16 00:32:50,098 [main] INFO  marytts.HMMData Loading Tree Set in CARTs:
2017-04-16 00:32:50,206 [main] INFO  marytts.HMMData Loading GV Model Set:
2017-04-16 00:32:50,406 [main] INFO  marytts.Voice Registering voice `cmu-slt-hsmm': female, locale en_US
2017-04-16 00:32:50,407 [main] INFO  marytts.Voice New default voice for locale en_US: cmu-slt-hsmm (desire 0)
2017-04-16 00:32:50,407 [main] INFO  marytts.HMMSynthesizer started.
2017-04-16 00:32:50,407 [main] INFO  marytts.Synthesis Module started (ACOUSTPARAMS->AUDIO, locale null).
2017-04-16 00:32:50,407 [main] INFO  marytts.HMMSynthesizer Starting power-on self test.
2017-04-16 00:32:50,426 [main] INFO  marytts.HTSEngine Using prosody from acoustparams.
2017-04-16 00:32:50,429 [main] INFO  marytts.HTSEngine Number of models in sentence numModel=7  Total number of states numState=35
2017-04-16 00:32:50,429 [main] INFO  marytts.HTSEngine Total number of frames=147  Number of voiced frames=89
2017-04-16 00:32:50,497 [main] INFO  marytts.ParameterGeneration Parameter generation for MGC: 
2017-04-16 00:32:50,497 [main] INFO  marytts.PStream Context-dependent global variance optimization: gvLength = 107
2017-04-16 00:32:50,506 [main] INFO  marytts.PStream Gradient GV optimization for feature: (0)  number of iterations=23
2017-04-16 00:32:50,522 [main] INFO  marytts.PStream Gradient GV optimization for feature: (1)  number of iterations=54
2017-04-16 00:32:50,529 [main] INFO  marytts.PStream Gradient GV optimization for feature: (2)  number of iterations=38
2017-04-16 00:32:50,532 [main] INFO  marytts.PStream Gradient GV optimization for feature: (3)  number of iterations=20
2017-04-16 00:32:50,534 [main] INFO  marytts.PStream Gradient GV optimization for feature: (4)  number of iterations=13
2017-04-16 00:32:50,536 [main] INFO  marytts.PStream Gradient GV optimization for feature: (5)  number of iterations=21
2017-04-16 00:32:50,538 [main] INFO  marytts.PStream Gradient GV optimization for feature: (6)  number of iterations=7
2017-04-16 00:32:50,540 [main] INFO  marytts.PStream Gradient GV optimization for feature: (7)  number of iterations=4
2017-04-16 00:32:50,542 [main] INFO  marytts.PStream Gradient GV optimization for feature: (8)  number of iterations=11
2017-04-16 00:32:50,544 [main] INFO  marytts.PStream Gradient GV optimization for feature: (9)  number of iterations=19
2017-04-16 00:32:50,545 [main] INFO  marytts.PStream Gradient GV optimization for feature: (10)  number of iterations=16
2017-04-16 00:32:50,546 [main] INFO  marytts.PStream Gradient GV optimization for feature: (11)  number of iterations=9
2017-04-16 00:32:50,547 [main] INFO  marytts.PStream Gradient GV optimization for feature: (12)  number of iterations=2
2017-04-16 00:32:50,548 [main] INFO  marytts.PStream Gradient GV optimization for feature: (13)  number of iterations=13
2017-04-16 00:32:50,549 [main] INFO  marytts.PStream Gradient GV optimization for feature: (14)  number of iterations=12
2017-04-16 00:32:50,550 [main] INFO  marytts.PStream Gradient GV optimization for feature: (15)  number of iterations=14
2017-04-16 00:32:50,551 [main] INFO  marytts.PStream Gradient GV optimization for feature: (16)  number of iterations=15
2017-04-16 00:32:50,552 [main] INFO  marytts.PStream Gradient GV optimization for feature: (17)  number of iterations=14
2017-04-16 00:32:50,553 [main] INFO  marytts.PStream Gradient GV optimization for feature: (18)  number of iterations=19
2017-04-16 00:32:50,554 [main] INFO  marytts.PStream Gradient GV optimization for feature: (19)  number of iterations=12
2017-04-16 00:32:50,556 [main] INFO  marytts.PStream Gradient GV optimization for feature: (20)  number of iterations=17
2017-04-16 00:32:50,558 [main] INFO  marytts.PStream Gradient GV optimization for feature: (21)  number of iterations=23
2017-04-16 00:32:50,559 [main] INFO  marytts.PStream Gradient GV optimization for feature: (22)  number of iterations=12
2017-04-16 00:32:50,560 [main] INFO  marytts.PStream Gradient GV optimization for feature: (23)  number of iterations=18
2017-04-16 00:32:50,561 [main] INFO  marytts.PStream Gradient GV optimization for feature: (24)  number of iterations=12
2017-04-16 00:32:50,561 [main] INFO  marytts.PStream Gradient GV optimization for feature: (25)  number of iterations=11
2017-04-16 00:32:50,562 [main] INFO  marytts.PStream Gradient GV optimization for feature: (26)  number of iterations=13
2017-04-16 00:32:50,563 [main] INFO  marytts.PStream Gradient GV optimization for feature: (27)  number of iterations=9
2017-04-16 00:32:50,564 [main] INFO  marytts.PStream Gradient GV optimization for feature: (28)  number of iterations=13
2017-04-16 00:32:50,564 [main] INFO  marytts.PStream Gradient GV optimization for feature: (29)  number of iterations=8
2017-04-16 00:32:50,566 [main] INFO  marytts.PStream Gradient GV optimization for feature: (30)  number of iterations=11
2017-04-16 00:32:50,567 [main] INFO  marytts.PStream Gradient GV optimization for feature: (31)  number of iterations=12
2017-04-16 00:32:50,568 [main] INFO  marytts.PStream Gradient GV optimization for feature: (32)  number of iterations=7
2017-04-16 00:32:50,569 [main] INFO  marytts.PStream Gradient GV optimization for feature: (33)  number of iterations=8
2017-04-16 00:32:50,570 [main] INFO  marytts.PStream Gradient GV optimization for feature: (34)  number of iterations=12
2017-04-16 00:32:50,570 [main] INFO  marytts.ParameterGeneration Using f0 from maryXML acoustparams
2017-04-16 00:32:50,573 [main] INFO  marytts.PStream Context-dependent global variance optimization: gvLength = 107
2017-04-16 00:32:50,574 [main] INFO  marytts.PStream Gradient GV optimization for feature: (0)  number of iterations=16
2017-04-16 00:32:50,575 [main] INFO  marytts.PStream Gradient GV optimization for feature: (1)  number of iterations=2
2017-04-16 00:32:50,575 [main] INFO  marytts.PStream Gradient GV optimization for feature: (2)  number of iterations=2
2017-04-16 00:32:50,576 [main] INFO  marytts.PStream Gradient GV optimization for feature: (3)  number of iterations=8
2017-04-16 00:32:50,577 [main] INFO  marytts.PStream Gradient GV optimization for feature: (4)  number of iterations=26
2017-04-16 00:32:50,591 [main] INFO  marytts.HMMSynthesizer Power-on self test complete.
2017-04-16 00:32:50,592 [main] INFO  marytts.TextToMaryXML Module started (TEXT->RAWMARYXML, locale null).
2017-04-16 00:32:50,592 [main] INFO  marytts.TextToMaryXML Starting power-on self test.
2017-04-16 00:32:50,593 [main] WARN  marytts.TextToMaryXML Locale is null, overriding with ru_RU
2017-04-16 00:32:50,593 [main] WARN  marytts.TextToMaryXML Locale is null, overriding with ru_RU
2017-04-16 00:32:50,594 [main] INFO  marytts.TextToMaryXML Power-on self test complete.
2017-04-16 00:32:50,916 [main] INFO  marytts.SableParser Module started (SABLE->RAWMARYXML, locale null).
2017-04-16 00:32:50,916 [main] INFO  marytts.SableParser Starting power-on self test.
2017-04-16 00:32:50,916 [main] INFO  marytts.SableParser Power-on self test complete.
2017-04-16 00:32:51,072 [main] INFO  marytts.SSMLParser Module started (SSML->RAWMARYXML, locale null).
2017-04-16 00:32:51,072 [main] INFO  marytts.SSMLParser Starting power-on self test.
2017-04-16 00:32:51,072 [main] INFO  marytts.SSMLParser Power-on self test complete.
2017-04-16 00:32:51,200 [main] INFO  marytts.APMLParser Module started (APML->RAWMARYXML, locale null).
2017-04-16 00:32:51,200 [main] INFO  marytts.APMLParser Starting power-on self test.
2017-04-16 00:32:51,200 [main] INFO  marytts.APMLParser Power-on self test complete.
2017-04-16 00:32:51,246 [main] INFO  marytts.EmotionmlParser Module started (EMOTIONML->RAWMARYXML, locale null).
2017-04-16 00:32:51,246 [main] INFO  marytts.EmotionmlParser Starting power-on self test.
2017-04-16 00:32:51,246 [main] INFO  marytts.EmotionmlParser Power-on self test complete.
2017-04-16 00:32:51,246 [main] INFO  marytts.JTokeniser Module started (RAWMARYXML->TOKENS, locale null).
2017-04-16 00:32:51,266 [main] INFO  marytts.JTokeniser Starting power-on self test.
2017-04-16 00:32:51,266 [main] INFO  marytts.JTokeniser Power-on self test complete.
2017-04-16 00:32:51,266 [main] INFO  marytts.DummyTokens2Words Module started (TOKENS->WORDS, locale null).
2017-04-16 00:32:51,266 [main] INFO  marytts.DummyTokens2Words Starting power-on self test.
2017-04-16 00:32:51,266 [main] INFO  marytts.DummyTokens2Words Power-on self test complete.
2017-04-16 00:32:51,272 [main] INFO  marytts.Prosody Module started (PHONEMES->INTONATION, locale null).
2017-04-16 00:32:51,272 [main] INFO  marytts.Prosody Starting power-on self test.
2017-04-16 00:32:51,272 [main] INFO  marytts.Prosody Power-on self test complete.
2017-04-16 00:32:51,272 [main] INFO  marytts.PronunciationModel Module started (INTONATION->ALLOPHONES, locale null).
2017-04-16 00:32:51,272 [main] INFO  marytts.PronunciationModel Starting power-on self test.
2017-04-16 00:32:51,272 [main] INFO  marytts.PronunciationModel Power-on self test complete.
2017-04-16 00:32:51,272 [main] INFO  marytts.TargetFeatureLister Starting power-on self test.
2017-04-16 00:32:51,272 [main] INFO  marytts.TargetFeatureLister Power-on self test complete.
2017-04-16 00:32:51,272 [main] INFO  marytts.TargetFeatureLister Module started (ACOUSTPARAMS->HALFPHONE_TARGETFEATURES, locale null).
2017-04-16 00:32:51,273 [main] INFO  marytts.TargetFeatureLister Starting power-on self test.
2017-04-16 00:32:51,273 [main] INFO  marytts.TargetFeatureLister Power-on self test complete.
2017-04-16 00:32:51,273 [main] INFO  marytts.AcousticModeller Module started (ALLOPHONES->ACOUSTPARAMS, locale null).
2017-04-16 00:32:51,273 [main] INFO  marytts.AcousticModeller Starting power-on self test.
2017-04-16 00:32:51,273 [main] INFO  marytts.AcousticModeller Power-on self test complete.
2017-04-16 00:32:51,273 [main] INFO  marytts.Realised acoustparams extractor Module started (AUDIO->REALISED_ACOUSTPARAMS, locale null).
2017-04-16 00:32:51,273 [main] INFO  marytts.Realised acoustparams extractor Starting power-on self test.
2017-04-16 00:32:51,273 [main] INFO  marytts.Realised acoustparams extractor Power-on self test complete.
2017-04-16 00:32:51,273 [main] INFO  marytts.Realised durations extractor Module started (AUDIO->REALISED_DURATIONS, locale null).
2017-04-16 00:32:51,273 [main] INFO  marytts.Realised durations extractor Starting power-on self test.
2017-04-16 00:32:51,273 [main] INFO  marytts.Realised durations extractor Power-on self test complete.
2017-04-16 00:32:51,273 [main] INFO  marytts.Praat TextGrid generator Module started (REALISED_ACOUSTPARAMS->PRAAT_TEXTGRID, locale null).
2017-04-16 00:32:51,273 [main] INFO  marytts.Praat TextGrid generator Starting power-on self test.
2017-04-16 00:32:51,274 [main] INFO  marytts.Praat TextGrid generator Power-on self test complete.
2017-04-16 00:32:51,275 [main] INFO  marytts.main Startup complete.
2017-04-16 00:32:51,282 [main] INFO  marytts.R 1 New request (input type "TEXT", output type "AUDIO", voice "cmu-slt-hsmm", audio "WAVE")
2017-04-16 00:32:51,283 [main] INFO  marytts.R 1 Handling request using the following modules:
2017-04-16 00:32:51,284 [main] INFO  marytts.R 1 - TextToMaryXML (marytts.modules.TextToMaryXML)
2017-04-16 00:32:51,284 [main] INFO  marytts.R 1 Next module: TextToMaryXML
2017-04-16 00:32:51,285 [main] INFO  marytts.R 1 Handling request using the following modules:
2017-04-16 00:32:51,286 [main] INFO  marytts.R 1 - JTokeniser (marytts.language.en.JTokeniser)
2017-04-16 00:32:51,286 [main] INFO  marytts.R 1 - Preprocess (marytts.language.en.Preprocess)
2017-04-16 00:32:51,286 [main] INFO  marytts.R 1 - OpenNLPPosTagger (marytts.modules.OpenNLPPosTagger)
2017-04-16 00:32:51,286 [main] INFO  marytts.R 1 - JPhonemiser (marytts.modules.JPhonemiser)
2017-04-16 00:32:51,286 [main] INFO  marytts.R 1 - Prosody (marytts.language.en.Prosody)
2017-04-16 00:32:51,286 [main] INFO  marytts.R 1 - PronunciationModel (marytts.language.en.PronunciationModel)
2017-04-16 00:32:51,286 [main] INFO  marytts.R 1 - AcousticModeller (marytts.modules.AcousticModeller)
2017-04-16 00:32:51,286 [main] INFO  marytts.R 1 - Synthesis (marytts.modules.Synthesis)
2017-04-16 00:32:51,286 [main] INFO  marytts.R 1 Next module: JTokeniser
2017-04-16 00:32:51,287 [main] INFO  marytts.R 1 Next module: Preprocess
2017-04-16 00:32:51,296 [main] INFO  marytts.R 1 Next module: OpenNLPPosTagger
2017-04-16 00:32:51,304 [main] INFO  marytts.R 1 Next module: JPhonemiser
2017-04-16 00:32:51,306 [main] INFO  marytts.R 1 Next module: Prosody
2017-04-16 00:32:51,312 [main] INFO  marytts.R 1 Next module: PronunciationModel
2017-04-16 00:32:51,313 [main] INFO  marytts.R 1 Next module: AcousticModeller
2017-04-16 00:32:51,327 [main] INFO  marytts.ParameterGeneration Parameter generation for LF0: 
2017-04-16 00:32:51,327 [main] INFO  marytts.PStream Context-dependent global variance optimization: gvLength = 141
2017-04-16 00:32:51,328 [main] INFO  marytts.PStream Gradient GV optimization for feature: (0)  number of iterations=3
2017-04-16 00:32:51,331 [main] INFO  marytts.R 1 Next module: Synthesis
2017-04-16 00:32:51,388 [main] INFO  marytts.HMMSynthesizer Synthesizing one sentence.
2017-04-16 00:32:51,389 [main] INFO  marytts.HTSEngine Using prosody from acoustparams.
2017-04-16 00:32:51,392 [main] INFO  marytts.HTSEngine Number of models in sentence numModel=9  Total number of states numState=45
2017-04-16 00:32:51,392 [main] INFO  marytts.HTSEngine Total number of frames=243  Number of voiced frames=141
2017-04-16 00:32:51,394 [main] INFO  marytts.ParameterGeneration Parameter generation for MGC: 
2017-04-16 00:32:51,395 [main] INFO  marytts.PStream Context-dependent global variance optimization: gvLength = 162
2017-04-16 00:32:51,400 [main] INFO  marytts.PStream Gradient GV optimization for feature: (0)  number of iterations=57
2017-04-16 00:32:51,404 [main] INFO  marytts.PStream Gradient GV optimization for feature: (1)  number of iterations=46
2017-04-16 00:32:51,406 [main] INFO  marytts.PStream Gradient GV optimization for feature: (2)  number of iterations=10
2017-04-16 00:32:51,407 [main] INFO  marytts.PStream Gradient GV optimization for feature: (3)  number of iterations=2
2017-04-16 00:32:51,408 [main] INFO  marytts.PStream Gradient GV optimization for feature: (4)  number of iterations=1
2017-04-16 00:32:51,412 [main] INFO  marytts.PStream Gradient GV optimization for feature: (5)  number of iterations=34
2017-04-16 00:32:51,414 [main] INFO  marytts.PStream Gradient GV optimization for feature: (6)  number of iterations=16
2017-04-16 00:32:51,415 [main] INFO  marytts.PStream Gradient GV optimization for feature: (7)  number of iterations=14
2017-04-16 00:32:51,416 [main] INFO  marytts.PStream Gradient GV optimization for feature: (8)  number of iterations=3
2017-04-16 00:32:51,419 [main] INFO  marytts.PStream Gradient GV optimization for feature: (9)  number of iterations=20
2017-04-16 00:32:51,421 [main] INFO  marytts.PStream Gradient GV optimization for feature: (10)  number of iterations=12
2017-04-16 00:32:51,424 [main] INFO  marytts.PStream Gradient GV optimization for feature: (11)  number of iterations=18
2017-04-16 00:32:51,425 [main] INFO  marytts.PStream Gradient GV optimization for feature: (12)  number of iterations=4
2017-04-16 00:32:51,426 [main] INFO  marytts.PStream Gradient GV optimization for feature: (13)  number of iterations=4
2017-04-16 00:32:51,427 [main] INFO  marytts.PStream Gradient GV optimization for feature: (14)  number of iterations=9
2017-04-16 00:32:51,433 [main] INFO  marytts.PStream Gradient GV optimization for feature: (15)  number of iterations=18
2017-04-16 00:32:51,436 [main] INFO  marytts.PStream Gradient GV optimization for feature: (16)  number of iterations=18
2017-04-16 00:32:51,438 [main] INFO  marytts.PStream Gradient GV optimization for feature: (17)  number of iterations=12
2017-04-16 00:32:51,443 [main] INFO  marytts.PStream Gradient GV optimization for feature: (18)  number of iterations=49
2017-04-16 00:32:51,445 [main] INFO  marytts.PStream Gradient GV optimization for feature: (19)  number of iterations=17
2017-04-16 00:32:51,447 [main] INFO  marytts.PStream Gradient GV optimization for feature: (20)  number of iterations=16
2017-04-16 00:32:51,450 [main] INFO  marytts.PStream Gradient GV optimization for feature: (21)  number of iterations=16
2017-04-16 00:32:51,452 [main] INFO  marytts.PStream Gradient GV optimization for feature: (22)  number of iterations=8
2017-04-16 00:32:51,453 [main] INFO  marytts.PStream Gradient GV optimization for feature: (23)  number of iterations=19
2017-04-16 00:32:51,455 [main] INFO  marytts.PStream Gradient GV optimization for feature: (24)  number of iterations=8
2017-04-16 00:32:51,458 [main] INFO  marytts.PStream Gradient GV optimization for feature: (25)  number of iterations=26
2017-04-16 00:32:51,463 [main] INFO  marytts.PStream Gradient GV optimization for feature: (26)  number of iterations=51
2017-04-16 00:32:51,465 [main] INFO  marytts.PStream Gradient GV optimization for feature: (27)  number of iterations=14
2017-04-16 00:32:51,468 [main] INFO  marytts.PStream Gradient GV optimization for feature: (28)  number of iterations=33
2017-04-16 00:32:51,470 [main] INFO  marytts.PStream Gradient GV optimization for feature: (29)  number of iterations=19
2017-04-16 00:32:51,470 [main] INFO  marytts.PStream Gradient GV optimization for feature: (30)  number of iterations=13
2017-04-16 00:32:51,471 [main] INFO  marytts.PStream Gradient GV optimization for feature: (31)  number of iterations=14
2017-04-16 00:32:51,473 [main] INFO  marytts.PStream Gradient GV optimization for feature: (32)  number of iterations=15
2017-04-16 00:32:51,474 [main] INFO  marytts.PStream Gradient GV optimization for feature: (33)  number of iterations=13
2017-04-16 00:32:51,476 [main] INFO  marytts.PStream Gradient GV optimization for feature: (34)  number of iterations=51
2017-04-16 00:32:51,476 [main] INFO  marytts.ParameterGeneration Using f0 from maryXML acoustparams
2017-04-16 00:32:51,479 [main] INFO  marytts.PStream Context-dependent global variance optimization: gvLength = 162
2017-04-16 00:32:51,482 [main] INFO  marytts.PStream    optimization stopped by reaching max number of iterations (no global variance applied)
2017-04-16 00:32:51,482 [main] INFO  marytts.PStream Gradient GV optimization for feature: (0)  number of iterations=101
2017-04-16 00:32:51,483 [main] INFO  marytts.PStream Gradient GV optimization for feature: (1)  number of iterations=12
2017-04-16 00:32:51,483 [main] INFO  marytts.PStream Gradient GV optimization for feature: (2)  number of iterations=8
2017-04-16 00:32:51,486 [main] INFO  marytts.PStream Gradient GV optimization for feature: (3)  number of iterations=10
2017-04-16 00:32:51,487 [main] INFO  marytts.PStream Gradient GV optimization for feature: (4)  number of iterations=18
2017-04-16 00:32:51,488 [main] INFO  marytts.R 1 Request processed in 205 ms.
2017-04-16 00:32:51,489 [main] INFO  marytts.R 1    TextToMaryXML took 0 ms
2017-04-16 00:32:51,490 [main] INFO  marytts.R 1    JTokeniser took 1 ms
2017-04-16 00:32:51,490 [main] INFO  marytts.R 1    Preprocess took 9 ms
2017-04-16 00:32:51,498 [main] INFO  marytts.R 1    OpenNLPPosTagger took 8 ms
2017-04-16 00:32:51,498 [main] INFO  marytts.R 1    JPhonemiser took 2 ms
2017-04-16 00:32:51,498 [main] INFO  marytts.R 1    Prosody took 6 ms
2017-04-16 00:32:51,498 [main] INFO  marytts.R 1    PronunciationModel took 1 ms
2017-04-16 00:32:51,498 [main] INFO  marytts.R 1    AcousticModeller took 18 ms
2017-04-16 00:32:51,499 [main] INFO  marytts.R 1    Synthesis took 157 ms
2017-04-16 00:32:53,048 [Thread-2] INFO  marytts.main Shutting down modules...
2017-04-16 00:32:53,049 [Thread-2] INFO  marytts.JTokeniser Module shut down.
2017-04-16 00:32:53,049 [Thread-2] INFO  marytts.Preprocess Module shut down.
2017-04-16 00:32:53,049 [Thread-2] INFO  marytts.JPhonemiser Module shut down.
2017-04-16 00:32:53,049 [Thread-2] INFO  marytts.JPhonemiser Module shut down.
2017-04-16 00:32:53,049 [Thread-2] INFO  marytts.Prosody Module shut down.
2017-04-16 00:32:53,049 [Thread-2] INFO  marytts.SimplePhoneme2AP Module shut down.
2017-04-16 00:32:53,049 [Thread-2] INFO  marytts.PronunciationModel Module shut down.
2017-04-16 00:32:53,049 [Thread-2] INFO  marytts.OpenNLPPosTagger Module shut down.
2017-04-16 00:32:53,049 [Thread-2] INFO  marytts.JTokeniser Module shut down.
2017-04-16 00:32:53,049 [Thread-2] INFO  marytts.DummyTokens2Words Module shut down.
2017-04-16 00:32:53,049 [Thread-2] INFO  marytts.JPhonemiser Module shut down.
2017-04-16 00:32:53,049 [Thread-2] INFO  marytts.Prosody Module shut down.
2017-04-16 00:32:53,049 [Thread-2] INFO  marytts.OpenNLPPosTagger Module shut down.
2017-04-16 00:32:53,049 [Thread-2] INFO  marytts.Synthesis Module shut down.
2017-04-16 00:32:53,049 [Thread-2] INFO  marytts.TextToMaryXML Module shut down.
2017-04-16 00:32:53,049 [Thread-2] INFO  marytts.SableParser Module shut down.
2017-04-16 00:32:53,049 [Thread-2] INFO  marytts.SSMLParser Module shut down.
2017-04-16 00:32:53,049 [Thread-2] INFO  marytts.APMLParser Module shut down.
2017-04-16 00:32:53,050 [Thread-2] INFO  marytts.EmotionmlParser Module shut down.
2017-04-16 00:32:53,050 [Thread-2] INFO  marytts.JTokeniser Module shut down.
2017-04-16 00:32:53,050 [Thread-2] INFO  marytts.DummyTokens2Words Module shut down.
2017-04-16 00:32:53,050 [Thread-2] INFO  marytts.Prosody Module shut down.
2017-04-16 00:32:53,050 [Thread-2] INFO  marytts.PronunciationModel Module shut down.
2017-04-16 00:32:53,050 [Thread-2] INFO  marytts.TargetFeatureLister Module shut down.
2017-04-16 00:32:53,050 [Thread-2] INFO  marytts.TargetFeatureLister Module shut down.
2017-04-16 00:32:53,050 [Thread-2] INFO  marytts.AcousticModeller Module shut down.
2017-04-16 00:32:53,050 [Thread-2] INFO  marytts.Realised acoustparams extractor Module shut down.
2017-04-16 00:32:53,050 [Thread-2] INFO  marytts.Realised durations extractor Module shut down.
2017-04-16 00:32:53,050 [Thread-2] INFO  marytts.HTSEngine Module shut down.
2017-04-16 00:32:53,050 [Thread-2] INFO  marytts.Praat TextGrid generator Module shut down.
2017-04-16 00:32:53,051 [Thread-2] INFO  marytts.main Shutdown complete.
2017-04-16 00:36:12,059 [main] INFO  marytts.main Mary starting up...
2017-04-16 00:36:12,070 [main] INFO  marytts.main Specification version 5.2
2017-04-16 00:36:12,070 [main] INFO  marytts.main Implementation version unknown
2017-04-16 00:36:12,070 [main] INFO  marytts.main Running on a Java 1.8.0_20 implementation by Oracle Corporation, on a Mac OS X platform (x86_64, 10.12.4)
2017-04-16 00:36:12,394 [main] INFO  marytts.ModuleRegistry Now initiating mary module 'marytts.language.en.JTokeniser'
2017-04-16 00:36:12,408 [main] INFO  marytts.ModuleRegistry Now initiating mary module 'marytts.language.en.Preprocess'
2017-04-16 00:36:12,803 [main] INFO  marytts.ModuleRegistry Now initiating mary module 'marytts.modules.JPhonemiser(en_US.)'
2017-04-16 00:36:12,805 [main] INFO  marytts.JPhonemiser User dictionary './user-dictionaries/userdict-en_US.txt' for locale 'en_US' does not exist. Ignoring.
2017-04-16 00:36:12,929 [main] INFO  marytts.ModuleRegistry Now initiating mary module 'marytts.modules.JPhonemiser(en_GB.)'
2017-04-16 00:36:12,929 [main] INFO  marytts.JPhonemiser User dictionary './user-dictionaries/userdict-en_GB.txt' for locale 'en_GB' does not exist. Ignoring.
2017-04-16 00:36:13,010 [main] INFO  marytts.ModuleRegistry Now initiating mary module 'marytts.language.en.Prosody'
2017-04-16 00:36:13,015 [main] INFO  marytts.ModuleRegistry Now initiating mary module 'marytts.modules.SimplePhoneme2AP(en_US)'
2017-04-16 00:36:13,017 [main] INFO  marytts.ModuleRegistry Now initiating mary module 'marytts.language.en.PronunciationModel'
2017-04-16 00:36:13,020 [main] INFO  marytts.ModuleRegistry Now initiating mary module 'marytts.modules.OpenNLPPosTagger(en,en.pos)'
2017-04-16 00:36:13,021 [main] INFO  marytts.ModuleRegistry Now initiating mary module 'marytts.language.ru.Tokenizer'
2017-04-16 00:36:13,023 [main] INFO  marytts.ModuleRegistry Now initiating mary module 'marytts.modules.DummyTokens2Words'
2017-04-16 00:36:13,024 [main] INFO  marytts.ModuleRegistry Now initiating mary module 'marytts.modules.JPhonemiser(ru.)'
2017-04-16 00:36:13,024 [main] INFO  marytts.JPhonemiser User dictionary './user-dictionaries/userdict-ru.txt' for locale 'ru' does not exist. Ignoring.
2017-04-16 00:36:13,030 [main] INFO  marytts.ModuleRegistry Now initiating mary module 'marytts.modules.ProsodyGeneric'
2017-04-16 00:36:13,038 [main] INFO  marytts.ModuleRegistry Now initiating mary module 'marytts.modules.MinimalisticPosTagger(ru,ru)'
2017-04-16 00:36:13,043 [main] INFO  marytts.ModuleRegistry Now initiating mary module 'marytts.modules.Synthesis'
2017-04-16 00:36:13,045 [main] INFO  marytts.ModuleRegistry Now initiating mary module 'marytts.modules.TextToMaryXML'
2017-04-16 00:36:13,049 [main] INFO  marytts.ModuleRegistry Now initiating mary module 'marytts.modules.SableParser'
2017-04-16 00:36:13,051 [main] INFO  marytts.ModuleRegistry Now initiating mary module 'marytts.modules.SSMLParser'
2017-04-16 00:36:13,052 [main] INFO  marytts.ModuleRegistry Now initiating mary module 'marytts.modules.APMLParser'
2017-04-16 00:36:13,055 [main] INFO  marytts.ModuleRegistry Now initiating mary module 'marytts.modules.EmotionmlParser'
2017-04-16 00:36:13,057 [main] INFO  marytts.ModuleRegistry Now initiating mary module 'marytts.modules.JTokeniser'
2017-04-16 00:36:13,057 [main] INFO  marytts.ModuleRegistry Now initiating mary module 'marytts.modules.DummyTokens2Words'
2017-04-16 00:36:13,057 [main] INFO  marytts.ModuleRegistry Now initiating mary module 'marytts.modules.ProsodyGeneric'
2017-04-16 00:36:13,057 [main] INFO  marytts.ModuleRegistry Now initiating mary module 'marytts.modules.PronunciationModel'
2017-04-16 00:36:13,058 [main] INFO  marytts.ModuleRegistry Now initiating mary module 'marytts.modules.TargetFeatureLister'
2017-04-16 00:36:13,060 [main] INFO  marytts.ModuleRegistry Now initiating mary module 'marytts.modules.HalfPhoneTargetFeatureLister'
2017-04-16 00:36:13,061 [main] INFO  marytts.ModuleRegistry Now initiating mary module 'marytts.modules.AcousticModeller'
2017-04-16 00:36:13,063 [main] INFO  marytts.ModuleRegistry Now initiating mary module 'marytts.modules.RealisedAcoustparamsExtractor'
2017-04-16 00:36:13,064 [main] INFO  marytts.ModuleRegistry Now initiating mary module 'marytts.modules.RealisedDurationsExtractor'
2017-04-16 00:36:13,065 [main] INFO  marytts.ModuleRegistry Now initiating mary module 'marytts.modules.HTSEngine'
2017-04-16 00:36:13,068 [main] INFO  marytts.ModuleRegistry Now initiating mary module 'marytts.modules.PraatTextGridGenerator'
2017-04-16 00:36:13,082 [main] INFO  marytts.JTokeniser Module started (RAWMARYXML->TOKENS, locale en).
2017-04-16 00:36:13,175 [main] INFO  marytts.JTokeniser Starting power-on self test.
2017-04-16 00:36:13,179 [main] INFO  marytts.JTokeniser Power-on self test complete.
2017-04-16 00:36:13,179 [main] INFO  marytts.Preprocess Module started (TOKENS->WORDS, locale en).
2017-04-16 00:36:13,179 [main] INFO  marytts.Preprocess Starting power-on self test.
2017-04-16 00:36:13,179 [main] INFO  marytts.Preprocess Power-on self test complete.
2017-04-16 00:36:13,180 [main] INFO  marytts.JPhonemiser Module started (PARTSOFSPEECH->PHONEMES, locale en_US).
2017-04-16 00:36:13,180 [main] INFO  marytts.JPhonemiser Starting power-on self test.
2017-04-16 00:36:13,181 [main] INFO  marytts.JPhonemiser Power-on self test complete.
2017-04-16 00:36:13,181 [main] INFO  marytts.JPhonemiser Module started (PARTSOFSPEECH->PHONEMES, locale en_GB).
2017-04-16 00:36:13,181 [main] INFO  marytts.JPhonemiser Starting power-on self test.
2017-04-16 00:36:13,182 [main] INFO  marytts.JPhonemiser Power-on self test complete.
2017-04-16 00:36:13,204 [main] INFO  marytts.Prosody Module started (PHONEMES->INTONATION, locale en).
2017-04-16 00:36:13,205 [main] INFO  marytts.Prosody Starting power-on self test.
2017-04-16 00:36:13,205 [main] INFO  marytts.Prosody Power-on self test complete.
2017-04-16 00:36:13,206 [main] INFO  marytts.SimplePhoneme2AP Module started (SIMPLEPHONEMES->ACOUSTPARAMS, locale en_US).
2017-04-16 00:36:13,207 [main] INFO  marytts.SimplePhoneme2AP Starting power-on self test.
2017-04-16 00:36:13,220 [main] INFO  marytts.SimplePhoneme2AP Power-on self test complete.
2017-04-16 00:36:13,220 [main] INFO  marytts.PronunciationModel Module started (INTONATION->ALLOPHONES, locale en).
2017-04-16 00:36:13,220 [main] INFO  marytts.PronunciationModel Starting power-on self test.
2017-04-16 00:36:13,220 [main] INFO  marytts.PronunciationModel Power-on self test complete.
2017-04-16 00:36:13,220 [main] INFO  marytts.OpenNLPPosTagger Module started (WORDS->PARTSOFSPEECH, locale en).
2017-04-16 00:36:14,815 [main] INFO  marytts.OpenNLPPosTagger Starting power-on self test.
2017-04-16 00:36:14,815 [main] INFO  marytts.OpenNLPPosTagger Power-on self test complete.
2017-04-16 00:36:14,815 [main] INFO  marytts.JTokeniser Module started (RAWMARYXML->TOKENS, locale ru).
2017-04-16 00:36:14,846 [main] INFO  marytts.JTokeniser Starting power-on self test.
2017-04-16 00:36:14,858 [main] INFO  marytts.JTokeniser Power-on self test complete.
2017-04-16 00:36:14,858 [main] INFO  marytts.DummyTokens2Words Module started (TOKENS->WORDS, locale null).
2017-04-16 00:36:14,858 [main] INFO  marytts.DummyTokens2Words Starting power-on self test.
2017-04-16 00:36:14,858 [main] INFO  marytts.DummyTokens2Words Power-on self test complete.
2017-04-16 00:36:14,858 [main] INFO  marytts.JPhonemiser Module started (PARTSOFSPEECH->PHONEMES, locale ru).
2017-04-16 00:36:14,859 [main] INFO  marytts.JPhonemiser Starting power-on self test.
2017-04-16 00:36:14,859 [main] INFO  marytts.JPhonemiser Power-on self test complete.
2017-04-16 00:36:14,865 [main] INFO  marytts.Prosody Module started (PHONEMES->INTONATION, locale null).
2017-04-16 00:36:14,865 [main] INFO  marytts.Prosody Starting power-on self test.
2017-04-16 00:36:14,865 [main] INFO  marytts.Prosody Power-on self test complete.
2017-04-16 00:36:14,865 [main] INFO  marytts.OpenNLPPosTagger Module started (WORDS->PARTSOFSPEECH, locale ru).
2017-04-16 00:36:14,869 [main] INFO  marytts.OpenNLPPosTagger Starting power-on self test.
2017-04-16 00:36:14,869 [main] INFO  marytts.OpenNLPPosTagger Power-on self test complete.
2017-04-16 00:36:14,875 [main] INFO  marytts.UnitSelectionSynthesizer started.
2017-04-16 00:36:14,878 [main] INFO  marytts.TargetFeatureLister Module started (ACOUSTPARAMS->TARGETFEATURES, locale null).
2017-04-16 00:36:14,878 [main] INFO  marytts.HTSEngine Module started (TARGETFEATURES->AUDIO, locale null).
2017-04-16 00:36:14,920 [main] INFO  marytts.HMMData Loading Tree Set in CARTs:
2017-04-16 00:36:15,096 [main] INFO  marytts.HMMData Loading GV Model Set:
2017-04-16 00:36:15,380 [main] INFO  marytts.Voice Registering voice `cmu-slt-hsmm': female, locale en_US
2017-04-16 00:36:15,380 [main] INFO  marytts.Voice New default voice for locale en_US: cmu-slt-hsmm (desire 0)
2017-04-16 00:36:15,380 [main] INFO  marytts.HMMSynthesizer started.
2017-04-16 00:36:15,380 [main] INFO  marytts.Synthesis Module started (ACOUSTPARAMS->AUDIO, locale null).
2017-04-16 00:36:15,380 [main] INFO  marytts.HMMSynthesizer Starting power-on self test.
2017-04-16 00:36:15,399 [main] INFO  marytts.HTSEngine Using prosody from acoustparams.
2017-04-16 00:36:15,404 [main] INFO  marytts.HTSEngine Number of models in sentence numModel=7  Total number of states numState=35
2017-04-16 00:36:15,404 [main] INFO  marytts.HTSEngine Total number of frames=147  Number of voiced frames=89
2017-04-16 00:36:15,462 [main] INFO  marytts.ParameterGeneration Parameter generation for MGC: 
2017-04-16 00:36:15,462 [main] INFO  marytts.PStream Context-dependent global variance optimization: gvLength = 107
2017-04-16 00:36:15,474 [main] INFO  marytts.PStream Gradient GV optimization for feature: (0)  number of iterations=23
2017-04-16 00:36:15,493 [main] INFO  marytts.PStream Gradient GV optimization for feature: (1)  number of iterations=54
2017-04-16 00:36:15,500 [main] INFO  marytts.PStream Gradient GV optimization for feature: (2)  number of iterations=38
2017-04-16 00:36:15,502 [main] INFO  marytts.PStream Gradient GV optimization for feature: (3)  number of iterations=20
2017-04-16 00:36:15,503 [main] INFO  marytts.PStream Gradient GV optimization for feature: (4)  number of iterations=13
2017-04-16 00:36:15,505 [main] INFO  marytts.PStream Gradient GV optimization for feature: (5)  number of iterations=21
2017-04-16 00:36:15,507 [main] INFO  marytts.PStream Gradient GV optimization for feature: (6)  number of iterations=7
2017-04-16 00:36:15,510 [main] INFO  marytts.PStream Gradient GV optimization for feature: (7)  number of iterations=4
2017-04-16 00:36:15,512 [main] INFO  marytts.PStream Gradient GV optimization for feature: (8)  number of iterations=11
2017-04-16 00:36:15,513 [main] INFO  marytts.PStream Gradient GV optimization for feature: (9)  number of iterations=19
2017-04-16 00:36:15,514 [main] INFO  marytts.PStream Gradient GV optimization for feature: (10)  number of iterations=16
2017-04-16 00:36:15,514 [main] INFO  marytts.PStream Gradient GV optimization for feature: (11)  number of iterations=9
2017-04-16 00:36:15,515 [main] INFO  marytts.PStream Gradient GV optimization for feature: (12)  number of iterations=2
2017-04-16 00:36:15,515 [main] INFO  marytts.PStream Gradient GV optimization for feature: (13)  number of iterations=13
2017-04-16 00:36:15,516 [main] INFO  marytts.PStream Gradient GV optimization for feature: (14)  number of iterations=12
2017-04-16 00:36:15,516 [main] INFO  marytts.PStream Gradient GV optimization for feature: (15)  number of iterations=14
2017-04-16 00:36:15,517 [main] INFO  marytts.PStream Gradient GV optimization for feature: (16)  number of iterations=15
2017-04-16 00:36:15,518 [main] INFO  marytts.PStream Gradient GV optimization for feature: (17)  number of iterations=14
2017-04-16 00:36:15,519 [main] INFO  marytts.PStream Gradient GV optimization for feature: (18)  number of iterations=19
2017-04-16 00:36:15,520 [main] INFO  marytts.PStream Gradient GV optimization for feature: (19)  number of iterations=12
2017-04-16 00:36:15,521 [main] INFO  marytts.PStream Gradient GV optimization for feature: (20)  number of iterations=17
2017-04-16 00:36:15,522 [main] INFO  marytts.PStream Gradient GV optimization for feature: (21)  number of iterations=23
2017-04-16 00:36:15,523 [main] INFO  marytts.PStream Gradient GV optimization for feature: (22)  number of iterations=12
2017-04-16 00:36:15,525 [main] INFO  marytts.PStream Gradient GV optimization for feature: (23)  number of iterations=18
2017-04-16 00:36:15,526 [main] INFO  marytts.PStream Gradient GV optimization for feature: (24)  number of iterations=12
2017-04-16 00:36:15,527 [main] INFO  marytts.PStream Gradient GV optimization for feature: (25)  number of iterations=11
2017-04-16 00:36:15,528 [main] INFO  marytts.PStream Gradient GV optimization for feature: (26)  number of iterations=13
2017-04-16 00:36:15,528 [main] INFO  marytts.PStream Gradient GV optimization for feature: (27)  number of iterations=9
2017-04-16 00:36:15,530 [main] INFO  marytts.PStream Gradient GV optimization for feature: (28)  number of iterations=13
2017-04-16 00:36:15,530 [main] INFO  marytts.PStream Gradient GV optimization for feature: (29)  number of iterations=8
2017-04-16 00:36:15,531 [main] INFO  marytts.PStream Gradient GV optimization for feature: (30)  number of iterations=11
2017-04-16 00:36:15,532 [main] INFO  marytts.PStream Gradient GV optimization for feature: (31)  number of iterations=12
2017-04-16 00:36:15,533 [main] INFO  marytts.PStream Gradient GV optimization for feature: (32)  number of iterations=7
2017-04-16 00:36:15,534 [main] INFO  marytts.PStream Gradient GV optimization for feature: (33)  number of iterations=8
2017-04-16 00:36:15,535 [main] INFO  marytts.PStream Gradient GV optimization for feature: (34)  number of iterations=12
2017-04-16 00:36:15,535 [main] INFO  marytts.ParameterGeneration Using f0 from maryXML acoustparams
2017-04-16 00:36:15,539 [main] INFO  marytts.PStream Context-dependent global variance optimization: gvLength = 107
2017-04-16 00:36:15,540 [main] INFO  marytts.PStream Gradient GV optimization for feature: (0)  number of iterations=16
2017-04-16 00:36:15,540 [main] INFO  marytts.PStream Gradient GV optimization for feature: (1)  number of iterations=2
2017-04-16 00:36:15,541 [main] INFO  marytts.PStream Gradient GV optimization for feature: (2)  number of iterations=2
2017-04-16 00:36:15,542 [main] INFO  marytts.PStream Gradient GV optimization for feature: (3)  number of iterations=8
2017-04-16 00:36:15,544 [main] INFO  marytts.PStream Gradient GV optimization for feature: (4)  number of iterations=26
2017-04-16 00:36:15,557 [main] INFO  marytts.HMMSynthesizer Power-on self test complete.
2017-04-16 00:36:15,558 [main] INFO  marytts.TextToMaryXML Module started (TEXT->RAWMARYXML, locale null).
2017-04-16 00:36:15,558 [main] INFO  marytts.TextToMaryXML Starting power-on self test.
2017-04-16 00:36:15,559 [main] WARN  marytts.TextToMaryXML Locale is null, overriding with ru_RU
2017-04-16 00:36:15,559 [main] WARN  marytts.TextToMaryXML Locale is null, overriding with ru_RU
2017-04-16 00:36:15,560 [main] INFO  marytts.TextToMaryXML Power-on self test complete.
2017-04-16 00:36:15,860 [main] INFO  marytts.SableParser Module started (SABLE->RAWMARYXML, locale null).
2017-04-16 00:36:15,861 [main] INFO  marytts.SableParser Starting power-on self test.
2017-04-16 00:36:15,861 [main] INFO  marytts.SableParser Power-on self test complete.
2017-04-16 00:36:15,983 [main] INFO  marytts.SSMLParser Module started (SSML->RAWMARYXML, locale null).
2017-04-16 00:36:15,984 [main] INFO  marytts.SSMLParser Starting power-on self test.
2017-04-16 00:36:15,984 [main] INFO  marytts.SSMLParser Power-on self test complete.
2017-04-16 00:36:16,069 [main] INFO  marytts.APMLParser Module started (APML->RAWMARYXML, locale null).
2017-04-16 00:36:16,069 [main] INFO  marytts.APMLParser Starting power-on self test.
2017-04-16 00:36:16,073 [main] INFO  marytts.APMLParser Power-on self test complete.
2017-04-16 00:36:16,126 [main] INFO  marytts.EmotionmlParser Module started (EMOTIONML->RAWMARYXML, locale null).
2017-04-16 00:36:16,126 [main] INFO  marytts.EmotionmlParser Starting power-on self test.
2017-04-16 00:36:16,127 [main] INFO  marytts.EmotionmlParser Power-on self test complete.
2017-04-16 00:36:16,127 [main] INFO  marytts.JTokeniser Module started (RAWMARYXML->TOKENS, locale null).
2017-04-16 00:36:16,144 [main] INFO  marytts.JTokeniser Starting power-on self test.
2017-04-16 00:36:16,144 [main] INFO  marytts.JTokeniser Power-on self test complete.
2017-04-16 00:36:16,144 [main] INFO  marytts.DummyTokens2Words Module started (TOKENS->WORDS, locale null).
2017-04-16 00:36:16,144 [main] INFO  marytts.DummyTokens2Words Starting power-on self test.
2017-04-16 00:36:16,144 [main] INFO  marytts.DummyTokens2Words Power-on self test complete.
2017-04-16 00:36:16,149 [main] INFO  marytts.Prosody Module started (PHONEMES->INTONATION, locale null).
2017-04-16 00:36:16,149 [main] INFO  marytts.Prosody Starting power-on self test.
2017-04-16 00:36:16,149 [main] INFO  marytts.Prosody Power-on self test complete.
2017-04-16 00:36:16,149 [main] INFO  marytts.PronunciationModel Module started (INTONATION->ALLOPHONES, locale null).
2017-04-16 00:36:16,149 [main] INFO  marytts.PronunciationModel Starting power-on self test.
2017-04-16 00:36:16,150 [main] INFO  marytts.PronunciationModel Power-on self test complete.
2017-04-16 00:36:16,150 [main] INFO  marytts.TargetFeatureLister Starting power-on self test.
2017-04-16 00:36:16,150 [main] INFO  marytts.TargetFeatureLister Power-on self test complete.
2017-04-16 00:36:16,150 [main] INFO  marytts.TargetFeatureLister Module started (ACOUSTPARAMS->HALFPHONE_TARGETFEATURES, locale null).
2017-04-16 00:36:16,150 [main] INFO  marytts.TargetFeatureLister Starting power-on self test.
2017-04-16 00:36:16,150 [main] INFO  marytts.TargetFeatureLister Power-on self test complete.
2017-04-16 00:36:16,150 [main] INFO  marytts.AcousticModeller Module started (ALLOPHONES->ACOUSTPARAMS, locale null).
2017-04-16 00:36:16,150 [main] INFO  marytts.AcousticModeller Starting power-on self test.
2017-04-16 00:36:16,150 [main] INFO  marytts.AcousticModeller Power-on self test complete.
2017-04-16 00:36:16,151 [main] INFO  marytts.Realised acoustparams extractor Module started (AUDIO->REALISED_ACOUSTPARAMS, locale null).
2017-04-16 00:36:16,151 [main] INFO  marytts.Realised acoustparams extractor Starting power-on self test.
2017-04-16 00:36:16,151 [main] INFO  marytts.Realised acoustparams extractor Power-on self test complete.
2017-04-16 00:36:16,151 [main] INFO  marytts.Realised durations extractor Module started (AUDIO->REALISED_DURATIONS, locale null).
2017-04-16 00:36:16,151 [main] INFO  marytts.Realised durations extractor Starting power-on self test.
2017-04-16 00:36:16,151 [main] INFO  marytts.Realised durations extractor Power-on self test complete.
2017-04-16 00:36:16,151 [main] INFO  marytts.Praat TextGrid generator Module started (REALISED_ACOUSTPARAMS->PRAAT_TEXTGRID, locale null).
2017-04-16 00:36:16,151 [main] INFO  marytts.Praat TextGrid generator Starting power-on self test.
2017-04-16 00:36:16,151 [main] INFO  marytts.Praat TextGrid generator Power-on self test complete.
2017-04-16 00:36:16,153 [main] INFO  marytts.main Startup complete.
2017-04-16 00:36:16,159 [main] INFO  marytts.R 1 New request (input type "TEXT", output type "AUDIO", voice "cmu-slt-hsmm", audio "WAVE")
2017-04-16 00:36:16,161 [main] INFO  marytts.R 1 Handling request using the following modules:
2017-04-16 00:36:16,161 [main] INFO  marytts.R 1 - TextToMaryXML (marytts.modules.TextToMaryXML)
2017-04-16 00:36:16,161 [main] INFO  marytts.R 1 Next module: TextToMaryXML
2017-04-16 00:36:16,163 [main] INFO  marytts.R 1 Handling request using the following modules:
2017-04-16 00:36:16,163 [main] INFO  marytts.R 1 - JTokeniser (marytts.language.en.JTokeniser)
2017-04-16 00:36:16,163 [main] INFO  marytts.R 1 - Preprocess (marytts.language.en.Preprocess)
2017-04-16 00:36:16,163 [main] INFO  marytts.R 1 - OpenNLPPosTagger (marytts.modules.OpenNLPPosTagger)
2017-04-16 00:36:16,163 [main] INFO  marytts.R 1 - JPhonemiser (marytts.modules.JPhonemiser)
2017-04-16 00:36:16,163 [main] INFO  marytts.R 1 - Prosody (marytts.language.en.Prosody)
2017-04-16 00:36:16,163 [main] INFO  marytts.R 1 - PronunciationModel (marytts.language.en.PronunciationModel)
2017-04-16 00:36:16,163 [main] INFO  marytts.R 1 - AcousticModeller (marytts.modules.AcousticModeller)
2017-04-16 00:36:16,163 [main] INFO  marytts.R 1 - Synthesis (marytts.modules.Synthesis)
2017-04-16 00:36:16,165 [main] INFO  marytts.R 1 Next module: JTokeniser
2017-04-16 00:36:16,166 [main] INFO  marytts.R 1 Next module: Preprocess
2017-04-16 00:36:16,176 [main] INFO  marytts.R 1 Next module: OpenNLPPosTagger
2017-04-16 00:36:16,188 [main] INFO  marytts.R 1 Next module: JPhonemiser
2017-04-16 00:36:16,207 [main] INFO  marytts.R 1 Next module: Prosody
2017-04-16 00:36:16,212 [main] INFO  marytts.R 1 Next module: PronunciationModel
2017-04-16 00:36:16,214 [main] INFO  marytts.R 1 Next module: AcousticModeller
2017-04-16 00:36:16,240 [main] INFO  marytts.ParameterGeneration Parameter generation for LF0: 
2017-04-16 00:36:16,240 [main] INFO  marytts.PStream Context-dependent global variance optimization: gvLength = 266
2017-04-16 00:36:16,257 [main] INFO  marytts.PStream Gradient GV optimization for feature: (0)  number of iterations=2
2017-04-16 00:36:16,280 [main] INFO  marytts.R 1 Next module: Synthesis
2017-04-16 00:36:16,311 [main] INFO  marytts.HMMSynthesizer Synthesizing one sentence.
2017-04-16 00:36:16,313 [main] INFO  marytts.HTSEngine Using prosody from acoustparams.
2017-04-16 00:36:16,316 [main] INFO  marytts.HTSEngine Number of models in sentence numModel=25  Total number of states numState=125
2017-04-16 00:36:16,316 [main] INFO  marytts.HTSEngine Total number of frames=599  Number of voiced frames=266
2017-04-16 00:36:16,320 [main] INFO  marytts.ParameterGeneration Parameter generation for MGC: 
2017-04-16 00:36:16,320 [main] INFO  marytts.PStream Context-dependent global variance optimization: gvLength = 440
2017-04-16 00:36:16,331 [main] INFO  marytts.PStream Gradient GV optimization for feature: (0)  number of iterations=76
2017-04-16 00:36:16,335 [main] INFO  marytts.PStream Gradient GV optimization for feature: (1)  number of iterations=26
2017-04-16 00:36:16,338 [main] INFO  marytts.PStream Gradient GV optimization for feature: (2)  number of iterations=2
2017-04-16 00:36:16,342 [main] INFO  marytts.PStream Gradient GV optimization for feature: (3)  number of iterations=19
2017-04-16 00:36:16,346 [main] INFO  marytts.PStream Gradient GV optimization for feature: (4)  number of iterations=16
2017-04-16 00:36:16,349 [main] INFO  marytts.PStream Gradient GV optimization for feature: (5)  number of iterations=22
2017-04-16 00:36:16,352 [main] INFO  marytts.PStream Gradient GV optimization for feature: (6)  number of iterations=2
2017-04-16 00:36:16,356 [main] INFO  marytts.PStream Gradient GV optimization for feature: (7)  number of iterations=21
2017-04-16 00:36:16,362 [main] INFO  marytts.PStream Gradient GV optimization for feature: (8)  number of iterations=20
2017-04-16 00:36:16,374 [main] INFO  marytts.PStream Gradient GV optimization for feature: (9)  number of iterations=36
2017-04-16 00:36:16,379 [main] INFO  marytts.PStream Gradient GV optimization for feature: (10)  number of iterations=20
2017-04-16 00:36:16,382 [main] INFO  marytts.PStream Gradient GV optimization for feature: (11)  number of iterations=18
2017-04-16 00:36:16,384 [main] INFO  marytts.PStream Gradient GV optimization for feature: (12)  number of iterations=2
2017-04-16 00:36:16,386 [main] INFO  marytts.PStream Gradient GV optimization for feature: (13)  number of iterations=23
2017-04-16 00:36:16,392 [main] INFO  marytts.PStream Gradient GV optimization for feature: (14)  number of iterations=17
2017-04-16 00:36:16,396 [main] INFO  marytts.PStream Gradient GV optimization for feature: (15)  number of iterations=13
2017-04-16 00:36:16,401 [main] INFO  marytts.PStream Gradient GV optimization for feature: (16)  number of iterations=20
2017-04-16 00:36:16,405 [main] INFO  marytts.PStream Gradient GV optimization for feature: (17)  number of iterations=17
2017-04-16 00:36:16,408 [main] INFO  marytts.PStream Gradient GV optimization for feature: (18)  number of iterations=20
2017-04-16 00:36:16,411 [main] INFO  marytts.PStream Gradient GV optimization for feature: (19)  number of iterations=12
2017-04-16 00:36:16,413 [main] INFO  marytts.PStream Gradient GV optimization for feature: (20)  number of iterations=7
2017-04-16 00:36:16,415 [main] INFO  marytts.PStream Gradient GV optimization for feature: (21)  number of iterations=14
2017-04-16 00:36:16,418 [main] INFO  marytts.PStream Gradient GV optimization for feature: (22)  number of iterations=4
2017-04-16 00:36:16,421 [main] INFO  marytts.PStream Gradient GV optimization for feature: (23)  number of iterations=14
2017-04-16 00:36:16,423 [main] INFO  marytts.PStream Gradient GV optimization for feature: (24)  number of iterations=6
2017-04-16 00:36:16,427 [main] INFO  marytts.PStream Gradient GV optimization for feature: (25)  number of iterations=12
2017-04-16 00:36:16,429 [main] INFO  marytts.PStream Gradient GV optimization for feature: (26)  number of iterations=3
2017-04-16 00:36:16,431 [main] INFO  marytts.PStream Gradient GV optimization for feature: (27)  number of iterations=3
2017-04-16 00:36:16,435 [main] INFO  marytts.PStream Gradient GV optimization for feature: (28)  number of iterations=20
2017-04-16 00:36:16,437 [main] INFO  marytts.PStream Gradient GV optimization for feature: (29)  number of iterations=3
2017-04-16 00:36:16,439 [main] INFO  marytts.PStream Gradient GV optimization for feature: (30)  number of iterations=3
2017-04-16 00:36:16,441 [main] INFO  marytts.PStream Gradient GV optimization for feature: (31)  number of iterations=6
2017-04-16 00:36:16,442 [main] INFO  marytts.PStream Gradient GV optimization for feature: (32)  number of iterations=3
2017-04-16 00:36:16,444 [main] INFO  marytts.PStream Gradient GV optimization for feature: (33)  number of iterations=6
2017-04-16 00:36:16,449 [main] INFO  marytts.PStream Gradient GV optimization for feature: (34)  number of iterations=12
2017-04-16 00:36:16,449 [main] INFO  marytts.ParameterGeneration Using f0 from maryXML acoustparams
2017-04-16 00:36:16,450 [main] INFO  marytts.PStream Context-dependent global variance optimization: gvLength = 440
2017-04-16 00:36:16,452 [main] INFO  marytts.PStream Gradient GV optimization for feature: (0)  number of iterations=2
2017-04-16 00:36:16,454 [main] INFO  marytts.PStream Gradient GV optimization for feature: (1)  number of iterations=10
2017-04-16 00:36:16,456 [main] INFO  marytts.PStream Gradient GV optimization for feature: (2)  number of iterations=10
2017-04-16 00:36:16,460 [main] INFO  marytts.PStream Gradient GV optimization for feature: (3)  number of iterations=16
2017-04-16 00:36:16,465 [main] INFO  marytts.PStream Gradient GV optimization for feature: (4)  number of iterations=22
2017-04-16 00:36:16,468 [main] INFO  marytts.R 1 Request processed in 308 ms.
2017-04-16 00:36:16,468 [main] INFO  marytts.R 1    TextToMaryXML took 0 ms
2017-04-16 00:36:16,468 [main] INFO  marytts.R 1    JTokeniser took 1 ms
2017-04-16 00:36:16,468 [main] INFO  marytts.R 1    Preprocess took 10 ms
2017-04-16 00:36:16,468 [main] INFO  marytts.R 1    OpenNLPPosTagger took 12 ms
2017-04-16 00:36:16,468 [main] INFO  marytts.R 1    JPhonemiser took 19 ms
2017-04-16 00:36:16,468 [main] INFO  marytts.R 1    Prosody took 5 ms
2017-04-16 00:36:16,468 [main] INFO  marytts.R 1    PronunciationModel took 2 ms
2017-04-16 00:36:16,468 [main] INFO  marytts.R 1    AcousticModeller took 66 ms
2017-04-16 00:36:16,468 [main] INFO  marytts.R 1    Synthesis took 188 ms
2017-04-16 00:36:19,804 [Thread-2] INFO  marytts.main Shutting down modules...
2017-04-16 00:36:19,804 [Thread-2] INFO  marytts.JTokeniser Module shut down.
2017-04-16 00:36:19,804 [Thread-2] INFO  marytts.Preprocess Module shut down.
2017-04-16 00:36:19,804 [Thread-2] INFO  marytts.JPhonemiser Module shut down.
2017-04-16 00:36:19,804 [Thread-2] INFO  marytts.JPhonemiser Module shut down.
2017-04-16 00:36:19,804 [Thread-2] INFO  marytts.Prosody Module shut down.
2017-04-16 00:36:19,804 [Thread-2] INFO  marytts.SimplePhoneme2AP Module shut down.
2017-04-16 00:36:19,804 [Thread-2] INFO  marytts.PronunciationModel Module shut down.
2017-04-16 00:36:19,805 [Thread-2] INFO  marytts.OpenNLPPosTagger Module shut down.
2017-04-16 00:36:19,805 [Thread-2] INFO  marytts.JTokeniser Module shut down.
2017-04-16 00:36:19,805 [Thread-2] INFO  marytts.DummyTokens2Words Module shut down.
2017-04-16 00:36:19,805 [Thread-2] INFO  marytts.JPhonemiser Module shut down.
2017-04-16 00:36:19,805 [Thread-2] INFO  marytts.Prosody Module shut down.
2017-04-16 00:36:19,805 [Thread-2] INFO  marytts.OpenNLPPosTagger Module shut down.
2017-04-16 00:36:19,805 [Thread-2] INFO  marytts.Synthesis Module shut down.
2017-04-16 00:36:19,805 [Thread-2] INFO  marytts.TextToMaryXML Module shut down.
2017-04-16 00:36:19,805 [Thread-2] INFO  marytts.SableParser Module shut down.
2017-04-16 00:36:19,805 [Thread-2] INFO  marytts.SSMLParser Module shut down.
2017-04-16 00:36:19,805 [Thread-2] INFO  marytts.APMLParser Module shut down.
2017-04-16 00:36:19,805 [Thread-2] INFO  marytts.EmotionmlParser Module shut down.
2017-04-16 00:36:19,805 [Thread-2] INFO  marytts.JTokeniser Module shut down.
2017-04-16 00:36:19,805 [Thread-2] INFO  marytts.DummyTokens2Words Module shut down.
2017-04-16 00:36:19,805 [Thread-2] INFO  marytts.Prosody Module shut down.
2017-04-16 00:36:19,805 [Thread-2] INFO  marytts.PronunciationModel Module shut down.
2017-04-16 00:36:19,805 [Thread-2] INFO  marytts.TargetFeatureLister Module shut down.
2017-04-16 00:36:19,805 [Thread-2] INFO  marytts.TargetFeatureLister Module shut down.
2017-04-16 00:36:19,806 [Thread-2] INFO  marytts.AcousticModeller Module shut down.
2017-04-16 00:36:19,806 [Thread-2] INFO  marytts.Realised acoustparams extractor Module shut down.
2017-04-16 00:36:19,806 [Thread-2] INFO  marytts.Realised durations extractor Module shut down.
2017-04-16 00:36:19,806 [Thread-2] INFO  marytts.HTSEngine Module shut down.
2017-04-16 00:36:19,806 [Thread-2] INFO  marytts.Praat TextGrid generator Module shut down.
2017-04-16 00:36:19,807 [Thread-2] INFO  marytts.main Shutdown complete.
